[01-Apr-2026 16:08:37 America/Sao_Paulo] PHP Notice:  Undefined variable: Ref_Std in /var/www/html/caixa/studio/via1newest.php on line 195
[01-Apr-2026 16:15:05 America/Sao_Paulo] PHP Notice:  Undefined variable: Ref_Std in /var/www/html/caixa/studio/via1newest.php on line 195
[01-Apr-2026 16:21:31 America/Sao_Paulo] PHP Notice:  Trying to access array offset on value of type null in /var/www/html/caixa/studio/prods_tipo.php on line 137
[01-Apr-2026 16:21:31 America/Sao_Paulo] PHP Notice:  Trying to access array offset on value of type null in /var/www/html/caixa/studio/prods_tipo.php on line 138
[01-Apr-2026 16:25:45 America/Sao_Paulo] PHP Notice:  Trying to access array offset on value of type null in /var/www/html/caixa/studio/prods_tipo.php on line 137
[01-Apr-2026 16:25:45 America/Sao_Paulo] PHP Notice:  Trying to access array offset on value of type null in /var/www/html/caixa/studio/prods_tipo.php on line 138
[01-Apr-2026 16:26:18 America/Sao_Paulo] PHP Notice:  Trying to access array offset on value of type null in /var/www/html/caixa/studio/prods_tipo.php on line 137
[01-Apr-2026 16:26:18 America/Sao_Paulo] PHP Notice:  Trying to access array offset on value of type null in /var/www/html/caixa/studio/prods_tipo.php on line 138
[01-Apr-2026 16:37:59 America/Sao_Paulo] PHP Notice:  Undefined variable: Ref_Std in /var/www/html/caixa/studio/via1newest.php on line 194
[01-Apr-2026 16:41:24 America/Sao_Paulo] PHP Notice:  Undefined variable: Ref_Std in /var/www/html/caixa/studio/via1newest.php on line 194
[01-Apr-2026 16:46:04 America/Sao_Paulo] PHP Notice:  Undefined variable: FmRec in /var/www/html/caixa/studio/via1newest.php on line 88
[01-Apr-2026 16:46:16 America/Sao_Paulo] PHP Notice:  Array to string conversion in /var/www/html/caixa/studio/via1newest.php on line 88
[01-Apr-2026 16:46:36 America/Sao_Paulo] PHP Notice:  Undefined offset: 0 in /var/www/html/caixa/studio/via1newest.php on line 88
[01-Apr-2026 16:46:42 America/Sao_Paulo] PHP Notice:  Undefined offset: 1 in /var/www/html/caixa/studio/via1newest.php on line 88
[01-Apr-2026 16:50:53 America/Sao_Paulo] PHP Notice:  Undefined index: valor in /var/www/html/caixa/studio/via1newest.php on line 95
[01-Apr-2026 16:50:53 America/Sao_Paulo] PHP Notice:  Undefined index: valor in /var/www/html/caixa/studio/via1newest.php on line 95
[01-Apr-2026 16:50:53 America/Sao_Paulo] PHP Notice:  Undefined index: valor in /var/www/html/caixa/studio/via1newest.php on line 95
[01-Apr-2026 16:50:53 America/Sao_Paulo] PHP Notice:  Undefined index: valor in /var/www/html/caixa/studio/via1newest.php on line 95
[01-Apr-2026 16:50:53 America/Sao_Paulo] PHP Notice:  Undefined index: valor in /var/www/html/caixa/studio/via1newest.php on line 95
[01-Apr-2026 16:50:53 America/Sao_Paulo] PHP Notice:  Undefined index: valor in /var/www/html/caixa/studio/via1newest.php on line 95
[01-Apr-2026 16:50:53 America/Sao_Paulo] PHP Notice:  Undefined index: valor in /var/www/html/caixa/studio/via1newest.php on line 95
[01-Apr-2026 16:50:53 America/Sao_Paulo] PHP Notice:  Undefined index: valor in /var/www/html/caixa/studio/via1newest.php on line 95
[01-Apr-2026 16:50:53 America/Sao_Paulo] PHP Notice:  Undefined index: valor in /var/www/html/caixa/studio/via1newest.php on line 95
[01-Apr-2026 16:50:53 America/Sao_Paulo] PHP Notice:  Undefined index: valor in /var/www/html/caixa/studio/via1newest.php on line 95
[01-Apr-2026 16:50:53 America/Sao_Paulo] PHP Notice:  Undefined index: valor in /var/www/html/caixa/studio/via1newest.php on line 95
[01-Apr-2026 16:50:53 America/Sao_Paulo] PHP Notice:  Undefined index: valor in /var/www/html/caixa/studio/via1newest.php on line 95
[01-Apr-2026 16:50:53 America/Sao_Paulo] PHP Notice:  Undefined index: valor in /var/www/html/caixa/studio/via1newest.php on line 95
[01-Apr-2026 16:50:53 America/Sao_Paulo] PHP Notice:  Undefined index: valor in /var/www/html/caixa/studio/via1newest.php on line 95
[01-Apr-2026 16:50:53 America/Sao_Paulo] PHP Notice:  Undefined index: valor in /var/www/html/caixa/studio/via1newest.php on line 95
[01-Apr-2026 16:50:53 America/Sao_Paulo] PHP Notice:  Undefined index: valor in /var/www/html/caixa/studio/via1newest.php on line 95
[01-Apr-2026 16:50:53 America/Sao_Paulo] PHP Notice:  Undefined index: valor in /var/www/html/caixa/studio/via1newest.php on line 95
[01-Apr-2026 16:50:53 America/Sao_Paulo] PHP Notice:  Undefined index: valor in /var/www/html/caixa/studio/via1newest.php on line 95
[01-Apr-2026 16:50:53 America/Sao_Paulo] PHP Notice:  Undefined index: valor in /var/www/html/caixa/studio/via1newest.php on line 95
[01-Apr-2026 16:50:53 America/Sao_Paulo] PHP Notice:  Undefined index: valor in /var/www/html/caixa/studio/via1newest.php on line 95
[01-Apr-2026 16:50:53 America/Sao_Paulo] PHP Notice:  Undefined index: valor in /var/www/html/caixa/studio/via1newest.php on line 95
[01-Apr-2026 16:50:53 America/Sao_Paulo] PHP Notice:  Undefined index: valor in /var/www/html/caixa/studio/via1newest.php on line 95
[01-Apr-2026 16:50:53 America/Sao_Paulo] PHP Notice:  Undefined index: valor in /var/www/html/caixa/studio/via1newest.php on line 95
[01-Apr-2026 16:50:53 America/Sao_Paulo] PHP Notice:  Undefined index: valor in /var/www/html/caixa/studio/via1newest.php on line 95
[01-Apr-2026 16:50:53 America/Sao_Paulo] PHP Notice:  Undefined index: valor in /var/www/html/caixa/studio/via1newest.php on line 95
[01-Apr-2026 16:50:53 America/Sao_Paulo] PHP Notice:  Undefined index: valor in /var/www/html/caixa/studio/via1newest.php on line 95
[01-Apr-2026 16:50:53 America/Sao_Paulo] PHP Notice:  Undefined index: valor in /var/www/html/caixa/studio/via1newest.php on line 95
[01-Apr-2026 16:50:53 America/Sao_Paulo] PHP Notice:  Undefined index: valor in /var/www/html/caixa/studio/via1newest.php on line 95
[01-Apr-2026 16:50:53 America/Sao_Paulo] PHP Notice:  Undefined index: valor in /var/www/html/caixa/studio/via1newest.php on line 95
[01-Apr-2026 16:50:53 America/Sao_Paulo] PHP Notice:  Undefined index: valor in /var/www/html/caixa/studio/via1newest.php on line 95
[01-Apr-2026 16:50:53 America/Sao_Paulo] PHP Notice:  Undefined index: valor in /var/www/html/caixa/studio/via1newest.php on line 95
[01-Apr-2026 16:50:53 America/Sao_Paulo] PHP Notice:  Undefined index: valor in /var/www/html/caixa/studio/via1newest.php on line 95
[01-Apr-2026 16:50:53 America/Sao_Paulo] PHP Notice:  Undefined index: valor in /var/www/html/caixa/studio/via1newest.php on line 95
[01-Apr-2026 16:50:53 America/Sao_Paulo] PHP Notice:  Undefined index: valor in /var/www/html/caixa/studio/via1newest.php on line 95
[01-Apr-2026 16:50:53 America/Sao_Paulo] PHP Notice:  Undefined index: valor in /var/www/html/caixa/studio/via1newest.php on line 95
[01-Apr-2026 16:50:53 America/Sao_Paulo] PHP Notice:  Undefined index: valor in /var/www/html/caixa/studio/via1newest.php on line 95
[01-Apr-2026 16:50:53 America/Sao_Paulo] PHP Notice:  Undefined index: valor in /var/www/html/caixa/studio/via1newest.php on line 95
[01-Apr-2026 16:50:53 America/Sao_Paulo] PHP Notice:  Undefined index: valor in /var/www/html/caixa/studio/via1newest.php on line 95
[01-Apr-2026 16:50:53 America/Sao_Paulo] PHP Notice:  Undefined index: valor in /var/www/html/caixa/studio/via1newest.php on line 95
[01-Apr-2026 16:50:53 America/Sao_Paulo] PHP Notice:  Undefined index: valor in /var/www/html/caixa/studio/via1newest.php on line 95
[01-Apr-2026 16:50:53 America/Sao_Paulo] PHP Notice:  Undefined index: valor in /var/www/html/caixa/studio/via1newest.php on line 95
[01-Apr-2026 16:50:53 America/Sao_Paulo] PHP Notice:  Undefined index: valor in /var/www/html/caixa/studio/via1newest.php on line 95
[01-Apr-2026 16:50:53 America/Sao_Paulo] PHP Notice:  Undefined index: valor in /var/www/html/caixa/studio/via1newest.php on line 95
[01-Apr-2026 16:50:53 America/Sao_Paulo] PHP Notice:  Undefined index: valor in /var/www/html/caixa/studio/via1newest.php on line 95
[01-Apr-2026 16:50:53 America/Sao_Paulo] PHP Notice:  Undefined index: valor in /var/www/html/caixa/studio/via1newest.php on line 95
[01-Apr-2026 16:50:53 America/Sao_Paulo] PHP Notice:  Undefined index: valor in /var/www/html/caixa/studio/via1newest.php on line 95
[01-Apr-2026 16:50:53 America/Sao_Paulo] PHP Notice:  Undefined index: valor in /var/www/html/caixa/studio/via1newest.php on line 95
[01-Apr-2026 16:50:53 America/Sao_Paulo] PHP Notice:  Undefined index: valor in /var/www/html/caixa/studio/via1newest.php on line 95
[01-Apr-2026 16:50:53 America/Sao_Paulo] PHP Notice:  Undefined index: valor in /var/www/html/caixa/studio/via1newest.php on line 95
[01-Apr-2026 16:50:53 America/Sao_Paulo] PHP Notice:  Undefined index: valor in /var/www/html/caixa/studio/via1newest.php on line 95
[01-Apr-2026 16:50:53 America/Sao_Paulo] PHP Notice:  Undefined index: valor in /var/www/html/caixa/studio/via1newest.php on line 95
[01-Apr-2026 16:50:53 America/Sao_Paulo] PHP Notice:  Undefined index: valor in /var/www/html/caixa/studio/via1newest.php on line 95
[01-Apr-2026 16:50:53 America/Sao_Paulo] PHP Notice:  Undefined index: valor in /var/www/html/caixa/studio/via1newest.php on line 95
[01-Apr-2026 16:50:53 America/Sao_Paulo] PHP Notice:  Undefined index: valor in /var/www/html/caixa/studio/via1newest.php on line 95
[01-Apr-2026 16:50:53 America/Sao_Paulo] PHP Notice:  Undefined index: valor in /var/www/html/caixa/studio/via1newest.php on line 95
[01-Apr-2026 16:50:53 America/Sao_Paulo] PHP Notice:  Undefined index: valor in /var/www/html/caixa/studio/via1newest.php on line 95
[01-Apr-2026 16:50:53 America/Sao_Paulo] PHP Notice:  Undefined index: valor in /var/www/html/caixa/studio/via1newest.php on line 95
[01-Apr-2026 16:50:53 America/Sao_Paulo] PHP Notice:  Undefined index: valor in /var/www/html/caixa/studio/via1newest.php on line 95
[01-Apr-2026 16:50:53 America/Sao_Paulo] PHP Notice:  Undefined index: valor in /var/www/html/caixa/studio/via1newest.php on line 95
[01-Apr-2026 16:50:53 America/Sao_Paulo] PHP Notice:  Undefined index: valor in /var/www/html/caixa/studio/via1newest.php on line 95
[01-Apr-2026 16:50:53 America/Sao_Paulo] PHP Notice:  Undefined index: valor in /var/www/html/caixa/studio/via1newest.php on line 95
[01-Apr-2026 16:50:53 America/Sao_Paulo] PHP Notice:  Undefined index: valor in /var/www/html/caixa/studio/via1newest.php on line 95
[01-Apr-2026 16:50:53 America/Sao_Paulo] PHP Notice:  Undefined index: valor in /var/www/html/caixa/studio/via1newest.php on line 95
[01-Apr-2026 16:50:53 America/Sao_Paulo] PHP Notice:  Undefined index: valor in /var/www/html/caixa/studio/via1newest.php on line 95
[01-Apr-2026 16:50:53 America/Sao_Paulo] PHP Notice:  Undefined index: valor in /var/www/html/caixa/studio/via1newest.php on line 95
[01-Apr-2026 16:50:53 America/Sao_Paulo] PHP Notice:  Undefined index: valor in /var/www/html/caixa/studio/via1newest.php on line 95
[01-Apr-2026 16:50:53 America/Sao_Paulo] PHP Notice:  Undefined index: valor in /var/www/html/caixa/studio/via1newest.php on line 95
[01-Apr-2026 16:50:53 America/Sao_Paulo] PHP Notice:  Undefined index: valor in /var/www/html/caixa/studio/via1newest.php on line 95
[01-Apr-2026 16:50:53 America/Sao_Paulo] PHP Notice:  Undefined index: valor in /var/www/html/caixa/studio/via1newest.php on line 95
[01-Apr-2026 16:50:53 America/Sao_Paulo] PHP Notice:  Undefined index: valor in /var/www/html/caixa/studio/via1newest.php on line 95
[01-Apr-2026 16:50:53 America/Sao_Paulo] PHP Notice:  Undefined index: valor in /var/www/html/caixa/studio/via1newest.php on line 95
[01-Apr-2026 16:50:53 America/Sao_Paulo] PHP Notice:  Undefined index: valor in /var/www/html/caixa/studio/via1newest.php on line 95
[01-Apr-2026 16:50:53 America/Sao_Paulo] PHP Notice:  Undefined index: valor in /var/www/html/caixa/studio/via1newest.php on line 95
[01-Apr-2026 16:50:53 America/Sao_Paulo] PHP Notice:  Undefined index: valor in /var/www/html/caixa/studio/via1newest.php on line 95
[01-Apr-2026 16:50:53 America/Sao_Paulo] PHP Notice:  Undefined index: valor in /var/www/html/caixa/studio/via1newest.php on line 95
[01-Apr-2026 16:50:53 America/Sao_Paulo] PHP Notice:  Undefined index: valor in /var/www/html/caixa/studio/via1newest.php on line 95
[01-Apr-2026 16:50:53 America/Sao_Paulo] PHP Notice:  Undefined index: valor in /var/www/html/caixa/studio/via1newest.php on line 95
[01-Apr-2026 16:50:53 America/Sao_Paulo] PHP Notice:  Undefined index: valor in /var/www/html/caixa/studio/via1newest.php on line 95
[01-Apr-2026 17:05:17 America/Sao_Paulo] PHP Notice:  Undefined index: valor in /var/www/html/caixa/studio/via1newest.php on line 95
[01-Apr-2026 17:05:17 America/Sao_Paulo] PHP Notice:  Undefined index: valor in /var/www/html/caixa/studio/via1newest.php on line 95
[01-Apr-2026 17:05:35 America/Sao_Paulo] PHP Notice:  Undefined index: valor in /var/www/html/caixa/studio/via1newest.php on line 95
[01-Apr-2026 17:05:35 America/Sao_Paulo] PHP Notice:  Undefined index: valor in /var/www/html/caixa/studio/via1newest.php on line 95
[01-Apr-2026 17:05:35 America/Sao_Paulo] PHP Notice:  Undefined index: valor in /var/www/html/caixa/studio/via1newest.php on line 95
[01-Apr-2026 17:05:35 America/Sao_Paulo] PHP Notice:  Undefined index: valor in /var/www/html/caixa/studio/via1newest.php on line 95
[01-Apr-2026 17:05:35 America/Sao_Paulo] PHP Notice:  Undefined index: valor in /var/www/html/caixa/studio/via1newest.php on line 95
[01-Apr-2026 17:05:35 America/Sao_Paulo] PHP Notice:  Undefined index: valor in /var/www/html/caixa/studio/via1newest.php on line 95
[01-Apr-2026 17:05:35 America/Sao_Paulo] PHP Notice:  Undefined index: valor in /var/www/html/caixa/studio/via1newest.php on line 95
[01-Apr-2026 17:05:35 America/Sao_Paulo] PHP Notice:  Undefined index: valor in /var/www/html/caixa/studio/via1newest.php on line 95
[01-Apr-2026 17:05:35 America/Sao_Paulo] PHP Notice:  Undefined index: valor in /var/www/html/caixa/studio/via1newest.php on line 95
[01-Apr-2026 17:05:35 America/Sao_Paulo] PHP Notice:  Undefined index: valor in /var/www/html/caixa/studio/via1newest.php on line 95
[01-Apr-2026 17:05:35 America/Sao_Paulo] PHP Notice:  Undefined index: valor in /var/www/html/caixa/studio/via1newest.php on line 95
[01-Apr-2026 17:05:35 America/Sao_Paulo] PHP Notice:  Undefined index: valor in /var/www/html/caixa/studio/via1newest.php on line 95
[01-Apr-2026 17:05:35 America/Sao_Paulo] PHP Notice:  Undefined index: valor in /var/www/html/caixa/studio/via1newest.php on line 95
[01-Apr-2026 17:05:35 America/Sao_Paulo] PHP Notice:  Undefined index: valor in /var/www/html/caixa/studio/via1newest.php on line 95
[01-Apr-2026 17:05:35 America/Sao_Paulo] PHP Notice:  Undefined index: valor in /var/www/html/caixa/studio/via1newest.php on line 95
[01-Apr-2026 17:05:35 America/Sao_Paulo] PHP Notice:  Undefined index: valor in /var/www/html/caixa/studio/via1newest.php on line 95
[01-Apr-2026 17:05:35 America/Sao_Paulo] PHP Notice:  Undefined index: valor in /var/www/html/caixa/studio/via1newest.php on line 95
[01-Apr-2026 17:05:35 America/Sao_Paulo] PHP Notice:  Undefined index: valor in /var/www/html/caixa/studio/via1newest.php on line 95
[01-Apr-2026 17:07:10 America/Sao_Paulo] PHP Notice:  Undefined variable: Ref_Std in /var/www/html/caixa/studio/via1newest.php on line 195
[01-Apr-2026 17:07:44 America/Sao_Paulo] PHP Notice:  Undefined variable: Ref_Std in /var/www/html/caixa/studio/via1newest.php on line 195
[02-Apr-2026 14:32:24 America/Sao_Paulo] PHP Notice:  Undefined variable: ValorChav in /var/www/html/caixa/studio/fccxant.php on line 185
[02-Apr-2026 14:32:24 America/Sao_Paulo] PHP Notice:  Undefined variable: ValorConc in /var/www/html/caixa/studio/fccxant.php on line 223
[02-Apr-2026 14:32:24 America/Sao_Paulo] PHP Notice:  Undefined variable: ValorContEnt in /var/www/html/caixa/studio/fccxant.php on line 258
[02-Apr-2026 14:32:24 America/Sao_Paulo] PHP Notice:  Undefined variable: ValorPropEnt in /var/www/html/caixa/studio/fccxant.php on line 294
[02-Apr-2026 14:32:24 America/Sao_Paulo] PHP Notice:  Undefined variable: ValorPropParc in /var/www/html/caixa/studio/fccxant.php on line 312
[02-Apr-2026 14:32:25 America/Sao_Paulo] PHP Notice:  Undefined variable: VrPRecsF in /var/www/html/caixa/studio/fccxant.php on line 330
[02-Apr-2026 14:32:25 America/Sao_Paulo] PHP Notice:  Undefined variable: RecDesp in /var/www/html/caixa/studio/fccxant.php on line 380
[02-Apr-2026 14:32:25 America/Sao_Paulo] PHP Notice:  Undefined variable: pixQRCode in /var/www/html/caixa/studio/fccxant.php on line 426
[02-Apr-2026 14:32:25 America/Sao_Paulo] PHP Notice:  Undefined variable: PixCNPJ in /var/www/html/caixa/studio/fccxant.php on line 444
[02-Apr-2026 14:32:25 America/Sao_Paulo] PHP Notice:  Undefined variable: CardParcLj in /var/www/html/caixa/studio/fccxant.php on line 485
[02-Apr-2026 14:32:25 America/Sao_Paulo] PHP Notice:  Undefined variable: CardParcAdm in /var/www/html/caixa/studio/fccxant.php on line 499
[02-Apr-2026 14:32:25 America/Sao_Paulo] PHP Notice:  Undefined variable: Recl in /var/www/html/caixa/studio/fccxant.php on line 554
[02-Apr-2026 14:32:25 America/Sao_Paulo] PHP Notice:  Undefined variable: pixCNPJ in /var/www/html/caixa/studio/fccxant.php on line 558
[02-Apr-2026 14:32:25 America/Sao_Paulo] PHP Notice:  Undefined variable: pixCNPJ in /var/www/html/caixa/studio/fccxant.php on line 559
[02-Apr-2026 14:32:25 America/Sao_Paulo] PHP Notice:  Undefined variable: Recl in /var/www/html/caixa/studio/fccxant.php on line 973
[02-Apr-2026 14:32:25 America/Sao_Paulo] PHP Notice:  Undefined variable: NVendas in /var/www/html/caixa/studio/fccxant.php on line 1001
[02-Apr-2026 14:32:25 America/Sao_Paulo] PHP Notice:  Undefined variable: ValorVend in /var/www/html/caixa/studio/fccxant.php on line 1002
[02-Apr-2026 14:32:25 America/Sao_Paulo] PHP Notice:  Undefined variable: ValorBebe in /var/www/html/caixa/studio/fccxant.php on line 1028
[02-Apr-2026 14:32:25 America/Sao_Paulo] PHP Notice:  Undefined variable: ValorResg in /var/www/html/caixa/studio/fccxant.php on line 1034
[02-Apr-2026 14:32:25 America/Sao_Paulo] PHP Notice:  Undefined variable: DepCli in /var/www/html/caixa/studio/fccxant.php on line 1038
[02-Apr-2026 14:32:25 America/Sao_Paulo] PHP Notice:  Undefined variable: CheqTotal in /var/www/html/caixa/studio/fccxant.php on line 1044
[02-Apr-2026 14:32:25 America/Sao_Paulo] PHP Notice:  Undefined variable: CheqPre in /var/www/html/caixa/studio/fccxant.php on line 1045
[02-Apr-2026 14:32:25 America/Sao_Paulo] PHP Notice:  Undefined variable: rsH2 in /var/www/html/caixa/studio/fccxant.php on line 1551
[08-Apr-2026 17:06:12 America/Sao_Paulo] PHP Notice:  Undefined variable: ValorChav in /var/www/html/caixa/studio/fccxant.php on line 185
[08-Apr-2026 17:06:12 America/Sao_Paulo] PHP Notice:  Undefined variable: ValorProd in /var/www/html/caixa/studio/fccxant.php on line 205
[08-Apr-2026 17:06:12 America/Sao_Paulo] PHP Notice:  Undefined variable: ValorConc in /var/www/html/caixa/studio/fccxant.php on line 223
[08-Apr-2026 17:06:12 America/Sao_Paulo] PHP Notice:  Undefined variable: ValorContEnt in /var/www/html/caixa/studio/fccxant.php on line 258
[08-Apr-2026 17:06:12 America/Sao_Paulo] PHP Notice:  Undefined variable: ValorContParc in /var/www/html/caixa/studio/fccxant.php on line 276
[08-Apr-2026 17:06:12 America/Sao_Paulo] PHP Notice:  Undefined variable: ValorPropEnt in /var/www/html/caixa/studio/fccxant.php on line 294
[08-Apr-2026 17:06:12 America/Sao_Paulo] PHP Notice:  Undefined variable: ValorPropParc in /var/www/html/caixa/studio/fccxant.php on line 312
[08-Apr-2026 17:06:12 America/Sao_Paulo] PHP Notice:  Undefined variable: VrBookRecF in /var/www/html/caixa/studio/fccxant.php on line 348
[08-Apr-2026 17:06:12 America/Sao_Paulo] PHP Notice:  Undefined variable: PgtoTot in /var/www/html/caixa/studio/fccxant.php on line 384
[08-Apr-2026 17:06:12 America/Sao_Paulo] PHP Notice:  Undefined variable: ValorEstorno in /var/www/html/caixa/studio/fccxant.php on line 402
[08-Apr-2026 17:06:12 America/Sao_Paulo] PHP Notice:  Undefined variable: PixQRCode in /var/www/html/caixa/studio/fccxant.php on line 430
[08-Apr-2026 17:06:12 America/Sao_Paulo] PHP Notice:  Undefined variable: PixCNPJ in /var/www/html/caixa/studio/fccxant.php on line 444
[08-Apr-2026 17:06:12 America/Sao_Paulo] PHP Notice:  Undefined variable: CardDeb in /var/www/html/caixa/studio/fccxant.php on line 458
[08-Apr-2026 17:06:12 America/Sao_Paulo] PHP Notice:  Undefined variable: CardVista in /var/www/html/caixa/studio/fccxant.php on line 472
[08-Apr-2026 17:06:12 America/Sao_Paulo] PHP Notice:  Undefined variable: CardParcLj in /var/www/html/caixa/studio/fccxant.php on line 485
[08-Apr-2026 17:06:12 America/Sao_Paulo] PHP Notice:  Undefined variable: CardParcAdm in /var/www/html/caixa/studio/fccxant.php on line 499
[08-Apr-2026 17:06:12 America/Sao_Paulo] PHP Notice:  Undefined variable: Recl in /var/www/html/caixa/studio/fccxant.php on line 554
[08-Apr-2026 17:06:12 America/Sao_Paulo] PHP Notice:  Undefined variable: pixQRCode in /var/www/html/caixa/studio/fccxant.php on line 558
[08-Apr-2026 17:06:12 America/Sao_Paulo] PHP Notice:  Undefined variable: pixCNPJ in /var/www/html/caixa/studio/fccxant.php on line 558
[08-Apr-2026 17:06:12 America/Sao_Paulo] PHP Notice:  Undefined variable: pixQRCode in /var/www/html/caixa/studio/fccxant.php on line 559
[08-Apr-2026 17:06:12 America/Sao_Paulo] PHP Notice:  Undefined variable: pixCNPJ in /var/www/html/caixa/studio/fccxant.php on line 559
[08-Apr-2026 17:06:13 America/Sao_Paulo] PHP Notice:  Undefined variable: Recl in /var/www/html/caixa/studio/fccxant.php on line 973
[08-Apr-2026 17:06:13 America/Sao_Paulo] PHP Notice:  Undefined variable: NVendas in /var/www/html/caixa/studio/fccxant.php on line 1001
[08-Apr-2026 17:06:13 America/Sao_Paulo] PHP Notice:  Undefined variable: ValorVend in /var/www/html/caixa/studio/fccxant.php on line 1002
[08-Apr-2026 17:06:13 America/Sao_Paulo] PHP Notice:  Undefined variable: ValorBebe in /var/www/html/caixa/studio/fccxant.php on line 1028
[08-Apr-2026 17:06:13 America/Sao_Paulo] PHP Notice:  Undefined variable: ValorResg in /var/www/html/caixa/studio/fccxant.php on line 1034
[08-Apr-2026 17:06:13 America/Sao_Paulo] PHP Notice:  Undefined variable: DepCli in /var/www/html/caixa/studio/fccxant.php on line 1038
[08-Apr-2026 17:06:13 America/Sao_Paulo] PHP Notice:  Undefined variable: CheqTotal in /var/www/html/caixa/studio/fccxant.php on line 1044
[08-Apr-2026 17:06:13 America/Sao_Paulo] PHP Notice:  Undefined variable: CheqPre in /var/www/html/caixa/studio/fccxant.php on line 1045
[08-Apr-2026 17:06:13 America/Sao_Paulo] PHP Notice:  Undefined variable: rsH2 in /var/www/html/caixa/studio/fccxant.php on line 1551
[10-Apr-2026 16:15:57 America/Sao_Paulo] PHP Notice:  Undefined variable: ValorChav in /var/www/html/caixa/studio/fccxant.php on line 185
[10-Apr-2026 16:15:58 America/Sao_Paulo] PHP Notice:  Undefined variable: ValorProd in /var/www/html/caixa/studio/fccxant.php on line 205
[10-Apr-2026 16:15:58 America/Sao_Paulo] PHP Notice:  Undefined variable: ValorConc in /var/www/html/caixa/studio/fccxant.php on line 223
[10-Apr-2026 16:15:58 America/Sao_Paulo] PHP Notice:  Undefined variable: ValorContEnt in /var/www/html/caixa/studio/fccxant.php on line 258
[10-Apr-2026 16:15:58 America/Sao_Paulo] PHP Notice:  Undefined variable: ValorContParc in /var/www/html/caixa/studio/fccxant.php on line 276
[10-Apr-2026 16:15:58 America/Sao_Paulo] PHP Notice:  Undefined variable: ValorPropEnt in /var/www/html/caixa/studio/fccxant.php on line 294
[10-Apr-2026 16:15:58 America/Sao_Paulo] PHP Notice:  Undefined variable: ValorPropParc in /var/www/html/caixa/studio/fccxant.php on line 312
[10-Apr-2026 16:15:58 America/Sao_Paulo] PHP Notice:  Undefined variable: VrPRecsF in /var/www/html/caixa/studio/fccxant.php on line 330
[10-Apr-2026 16:15:58 America/Sao_Paulo] PHP Notice:  Undefined variable: VrBookRecF in /var/www/html/caixa/studio/fccxant.php on line 348
[10-Apr-2026 16:15:58 America/Sao_Paulo] PHP Notice:  Undefined variable: PgtoTot in /var/www/html/caixa/studio/fccxant.php on line 384
[10-Apr-2026 16:15:58 America/Sao_Paulo] PHP Notice:  Undefined variable: ValorEstorno in /var/www/html/caixa/studio/fccxant.php on line 402
[10-Apr-2026 16:15:58 America/Sao_Paulo] PHP Notice:  Undefined variable: Dinheiro in /var/www/html/caixa/studio/fccxant.php on line 416
[10-Apr-2026 16:15:58 America/Sao_Paulo] PHP Notice:  Undefined variable: PixQRCode in /var/www/html/caixa/studio/fccxant.php on line 430
[10-Apr-2026 16:15:58 America/Sao_Paulo] PHP Notice:  Undefined variable: PixCNPJ in /var/www/html/caixa/studio/fccxant.php on line 444
[10-Apr-2026 16:15:58 America/Sao_Paulo] PHP Notice:  Undefined variable: CardDeb in /var/www/html/caixa/studio/fccxant.php on line 458
[10-Apr-2026 16:15:58 America/Sao_Paulo] PHP Notice:  Undefined variable: CardVista in /var/www/html/caixa/studio/fccxant.php on line 472
[10-Apr-2026 16:15:58 America/Sao_Paulo] PHP Notice:  Undefined variable: CardParcLj in /var/www/html/caixa/studio/fccxant.php on line 485
[10-Apr-2026 16:15:58 America/Sao_Paulo] PHP Notice:  Undefined variable: CardParcAdm in /var/www/html/caixa/studio/fccxant.php on line 499
[10-Apr-2026 16:15:58 America/Sao_Paulo] PHP Notice:  Undefined variable: Recl in /var/www/html/caixa/studio/fccxant.php on line 554
[10-Apr-2026 16:15:58 America/Sao_Paulo] PHP Notice:  Undefined variable: pixQRCode in /var/www/html/caixa/studio/fccxant.php on line 558
[10-Apr-2026 16:15:58 America/Sao_Paulo] PHP Notice:  Undefined variable: pixCNPJ in /var/www/html/caixa/studio/fccxant.php on line 558
[10-Apr-2026 16:15:58 America/Sao_Paulo] PHP Notice:  Undefined variable: pixQRCode in /var/www/html/caixa/studio/fccxant.php on line 559
[10-Apr-2026 16:15:58 America/Sao_Paulo] PHP Notice:  Undefined variable: pixCNPJ in /var/www/html/caixa/studio/fccxant.php on line 559
[10-Apr-2026 16:15:58 America/Sao_Paulo] PHP Notice:  Undefined variable: Recl in /var/www/html/caixa/studio/fccxant.php on line 973
[10-Apr-2026 16:15:58 America/Sao_Paulo] PHP Notice:  Undefined variable: NVendas in /var/www/html/caixa/studio/fccxant.php on line 1001
[10-Apr-2026 16:15:58 America/Sao_Paulo] PHP Notice:  Undefined variable: ValorVend in /var/www/html/caixa/studio/fccxant.php on line 1002
[10-Apr-2026 16:15:58 America/Sao_Paulo] PHP Notice:  Undefined variable: ValorBebe in /var/www/html/caixa/studio/fccxant.php on line 1028
[10-Apr-2026 16:15:58 America/Sao_Paulo] PHP Notice:  Undefined variable: ValorResg in /var/www/html/caixa/studio/fccxant.php on line 1034
[10-Apr-2026 16:15:58 America/Sao_Paulo] PHP Notice:  Undefined variable: DepCli in /var/www/html/caixa/studio/fccxant.php on line 1038
[10-Apr-2026 16:15:58 America/Sao_Paulo] PHP Notice:  Undefined variable: CheqTotal in /var/www/html/caixa/studio/fccxant.php on line 1044
[10-Apr-2026 16:15:58 America/Sao_Paulo] PHP Notice:  Undefined variable: CheqPre in /var/www/html/caixa/studio/fccxant.php on line 1045
[10-Apr-2026 16:15:58 America/Sao_Paulo] PHP Notice:  Undefined variable: rsH2 in /var/www/html/caixa/studio/fccxant.php on line 1551
[13-Apr-2026 13:34:27 America/Sao_Paulo] PHP Notice:  Undefined variable: ValorChav in /var/www/html/caixa/studio/fccxant.php on line 185
[13-Apr-2026 13:34:27 America/Sao_Paulo] PHP Notice:  Undefined variable: ValorProd in /var/www/html/caixa/studio/fccxant.php on line 205
[13-Apr-2026 13:34:27 America/Sao_Paulo] PHP Notice:  Undefined variable: ValorConc in /var/www/html/caixa/studio/fccxant.php on line 223
[13-Apr-2026 13:34:27 America/Sao_Paulo] PHP Notice:  Undefined variable: ValorContEnt in /var/www/html/caixa/studio/fccxant.php on line 258
[13-Apr-2026 13:34:27 America/Sao_Paulo] PHP Notice:  Undefined variable: ValorContParc in /var/www/html/caixa/studio/fccxant.php on line 276
[13-Apr-2026 13:34:27 America/Sao_Paulo] PHP Notice:  Undefined variable: ValorPropEnt in /var/www/html/caixa/studio/fccxant.php on line 294
[13-Apr-2026 13:34:27 America/Sao_Paulo] PHP Notice:  Undefined variable: ValorPropParc in /var/www/html/caixa/studio/fccxant.php on line 312
[13-Apr-2026 13:34:27 America/Sao_Paulo] PHP Notice:  Undefined variable: VrPRecsF in /var/www/html/caixa/studio/fccxant.php on line 330
[13-Apr-2026 13:34:27 America/Sao_Paulo] PHP Notice:  Undefined variable: VrBookRecF in /var/www/html/caixa/studio/fccxant.php on line 348
[13-Apr-2026 13:34:27 America/Sao_Paulo] PHP Notice:  Undefined variable: PgtoTot in /var/www/html/caixa/studio/fccxant.php on line 384
[13-Apr-2026 13:34:27 America/Sao_Paulo] PHP Notice:  Undefined variable: ValorEstorno in /var/www/html/caixa/studio/fccxant.php on line 402
[13-Apr-2026 13:34:27 America/Sao_Paulo] PHP Notice:  Undefined variable: Dinheiro in /var/www/html/caixa/studio/fccxant.php on line 416
[13-Apr-2026 13:34:27 America/Sao_Paulo] PHP Notice:  Undefined variable: PixQRCode in /var/www/html/caixa/studio/fccxant.php on line 430
[13-Apr-2026 13:34:27 America/Sao_Paulo] PHP Notice:  Undefined variable: PixCNPJ in /var/www/html/caixa/studio/fccxant.php on line 444
[13-Apr-2026 13:34:27 America/Sao_Paulo] PHP Notice:  Undefined variable: CardDeb in /var/www/html/caixa/studio/fccxant.php on line 458
[13-Apr-2026 13:34:27 America/Sao_Paulo] PHP Notice:  Undefined variable: CardVista in /var/www/html/caixa/studio/fccxant.php on line 472
[13-Apr-2026 13:34:27 America/Sao_Paulo] PHP Notice:  Undefined variable: CardParcLj in /var/www/html/caixa/studio/fccxant.php on line 485
[13-Apr-2026 13:34:27 America/Sao_Paulo] PHP Notice:  Undefined variable: CardParcAdm in /var/www/html/caixa/studio/fccxant.php on line 499
[13-Apr-2026 13:34:27 America/Sao_Paulo] PHP Notice:  Undefined variable: Recl in /var/www/html/caixa/studio/fccxant.php on line 554
[13-Apr-2026 13:34:27 America/Sao_Paulo] PHP Notice:  Undefined variable: pixQRCode in /var/www/html/caixa/studio/fccxant.php on line 558
[13-Apr-2026 13:34:27 America/Sao_Paulo] PHP Notice:  Undefined variable: pixCNPJ in /var/www/html/caixa/studio/fccxant.php on line 558
[13-Apr-2026 13:34:27 America/Sao_Paulo] PHP Notice:  Undefined variable: pixQRCode in /var/www/html/caixa/studio/fccxant.php on line 559
[13-Apr-2026 13:34:27 America/Sao_Paulo] PHP Notice:  Undefined variable: pixCNPJ in /var/www/html/caixa/studio/fccxant.php on line 559
[13-Apr-2026 13:34:27 America/Sao_Paulo] PHP Notice:  Undefined variable: Recl in /var/www/html/caixa/studio/fccxant.php on line 973
[13-Apr-2026 13:34:27 America/Sao_Paulo] PHP Notice:  Undefined variable: NVendas in /var/www/html/caixa/studio/fccxant.php on line 1001
[13-Apr-2026 13:34:27 America/Sao_Paulo] PHP Notice:  Undefined variable: ValorVend in /var/www/html/caixa/studio/fccxant.php on line 1002
[13-Apr-2026 13:34:27 America/Sao_Paulo] PHP Notice:  Undefined variable: ValorBebe in /var/www/html/caixa/studio/fccxant.php on line 1028
[13-Apr-2026 13:34:27 America/Sao_Paulo] PHP Notice:  Undefined variable: ValorResg in /var/www/html/caixa/studio/fccxant.php on line 1034
[13-Apr-2026 13:34:27 America/Sao_Paulo] PHP Notice:  Undefined variable: DepCli in /var/www/html/caixa/studio/fccxant.php on line 1038
[13-Apr-2026 13:34:27 America/Sao_Paulo] PHP Notice:  Undefined variable: CheqTotal in /var/www/html/caixa/studio/fccxant.php on line 1044
[13-Apr-2026 13:34:27 America/Sao_Paulo] PHP Notice:  Undefined variable: CheqPre in /var/www/html/caixa/studio/fccxant.php on line 1045
[13-Apr-2026 13:34:28 America/Sao_Paulo] PHP Notice:  Undefined variable: rsH2 in /var/www/html/caixa/studio/fccxant.php on line 1551
[13-Apr-2026 17:44:08 America/Sao_Paulo] PHP Notice:  Undefined variable: FmRec_a in /var/www/html/caixa/studio/via1newest.php on line 163
[13-Apr-2026 17:44:08 America/Sao_Paulo] PHP Notice:  Undefined variable: FmRec_a in /var/www/html/caixa/studio/via1newest.php on line 164
[13-Apr-2026 17:44:08 America/Sao_Paulo] PHP Notice:  Undefined variable: FmRec_a in /var/www/html/caixa/studio/via1newest.php on line 174
[13-Apr-2026 17:44:08 America/Sao_Paulo] PHP Notice:  Undefined variable: ModPag in /var/www/html/caixa/studio/via1newest.php on line 189
[13-Apr-2026 17:44:08 America/Sao_Paulo] PHP Notice:  Undefined variable: FmRec_a in /var/www/html/caixa/studio/via1newest.php on line 190
[13-Apr-2026 17:44:08 America/Sao_Paulo] PHP Notice:  Undefined variable: Ref_Std in /var/www/html/caixa/studio/via1newest.php on line 195
[15-Apr-2026 14:32:48 America/Sao_Paulo] PHP Notice:  Undefined variable: ValorChav in /var/www/html/caixa/studio/fccxant.php on line 185
[15-Apr-2026 14:32:48 America/Sao_Paulo] PHP Notice:  Undefined variable: ValorProd in /var/www/html/caixa/studio/fccxant.php on line 205
[15-Apr-2026 14:32:48 America/Sao_Paulo] PHP Notice:  Undefined variable: ValorConc in /var/www/html/caixa/studio/fccxant.php on line 223
[15-Apr-2026 14:32:48 America/Sao_Paulo] PHP Notice:  Undefined variable: ValorContEnt in /var/www/html/caixa/studio/fccxant.php on line 258
[15-Apr-2026 14:32:48 America/Sao_Paulo] PHP Notice:  Undefined variable: ValorContParc in /var/www/html/caixa/studio/fccxant.php on line 276
[15-Apr-2026 14:32:48 America/Sao_Paulo] PHP Notice:  Undefined variable: ValorPropEnt in /var/www/html/caixa/studio/fccxant.php on line 294
[15-Apr-2026 14:32:48 America/Sao_Paulo] PHP Notice:  Undefined variable: ValorPropParc in /var/www/html/caixa/studio/fccxant.php on line 312
[15-Apr-2026 14:32:48 America/Sao_Paulo] PHP Notice:  Undefined variable: VrPRecsF in /var/www/html/caixa/studio/fccxant.php on line 330
[15-Apr-2026 14:32:48 America/Sao_Paulo] PHP Notice:  Undefined variable: VrBookRecF in /var/www/html/caixa/studio/fccxant.php on line 348
[15-Apr-2026 14:32:48 America/Sao_Paulo] PHP Notice:  Undefined variable: RecDesp in /var/www/html/caixa/studio/fccxant.php on line 380
[15-Apr-2026 14:32:48 America/Sao_Paulo] PHP Notice:  Undefined variable: Dinheiro in /var/www/html/caixa/studio/fccxant.php on line 416
[15-Apr-2026 14:32:48 America/Sao_Paulo] PHP Notice:  Undefined variable: PixQRCode in /var/www/html/caixa/studio/fccxant.php on line 430
[15-Apr-2026 14:32:48 America/Sao_Paulo] PHP Notice:  Undefined variable: PixCNPJ in /var/www/html/caixa/studio/fccxant.php on line 444
[15-Apr-2026 14:32:48 America/Sao_Paulo] PHP Notice:  Undefined variable: CardDeb in /var/www/html/caixa/studio/fccxant.php on line 458
[15-Apr-2026 14:32:48 America/Sao_Paulo] PHP Notice:  Undefined variable: CardVista in /var/www/html/caixa/studio/fccxant.php on line 472
[15-Apr-2026 14:32:48 America/Sao_Paulo] PHP Notice:  Undefined variable: CardParcLj in /var/www/html/caixa/studio/fccxant.php on line 485
[15-Apr-2026 14:32:48 America/Sao_Paulo] PHP Notice:  Undefined variable: CardParcAdm in /var/www/html/caixa/studio/fccxant.php on line 499
[15-Apr-2026 14:32:48 America/Sao_Paulo] PHP Notice:  Undefined variable: Recl in /var/www/html/caixa/studio/fccxant.php on line 554
[15-Apr-2026 14:32:48 America/Sao_Paulo] PHP Notice:  Undefined variable: pixQRCode in /var/www/html/caixa/studio/fccxant.php on line 558
[15-Apr-2026 14:32:48 America/Sao_Paulo] PHP Notice:  Undefined variable: pixCNPJ in /var/www/html/caixa/studio/fccxant.php on line 558
[15-Apr-2026 14:32:48 America/Sao_Paulo] PHP Notice:  Undefined variable: pixQRCode in /var/www/html/caixa/studio/fccxant.php on line 559
[15-Apr-2026 14:32:48 America/Sao_Paulo] PHP Notice:  Undefined variable: pixCNPJ in /var/www/html/caixa/studio/fccxant.php on line 559
[15-Apr-2026 14:32:48 America/Sao_Paulo] PHP Notice:  Undefined variable: Recl in /var/www/html/caixa/studio/fccxant.php on line 973
[15-Apr-2026 14:32:48 America/Sao_Paulo] PHP Notice:  Undefined variable: NVendas in /var/www/html/caixa/studio/fccxant.php on line 1001
[15-Apr-2026 14:32:48 America/Sao_Paulo] PHP Notice:  Undefined variable: ValorVend in /var/www/html/caixa/studio/fccxant.php on line 1002
[15-Apr-2026 14:32:48 America/Sao_Paulo] PHP Notice:  Undefined variable: ValorBebe in /var/www/html/caixa/studio/fccxant.php on line 1028
[15-Apr-2026 14:32:48 America/Sao_Paulo] PHP Notice:  Undefined variable: ValorResg in /var/www/html/caixa/studio/fccxant.php on line 1034
[15-Apr-2026 14:32:48 America/Sao_Paulo] PHP Notice:  Undefined variable: DepCli in /var/www/html/caixa/studio/fccxant.php on line 1038
[15-Apr-2026 14:32:48 America/Sao_Paulo] PHP Notice:  Undefined variable: CheqTotal in /var/www/html/caixa/studio/fccxant.php on line 1044
[15-Apr-2026 14:32:48 America/Sao_Paulo] PHP Notice:  Undefined variable: CheqPre in /var/www/html/caixa/studio/fccxant.php on line 1045
[15-Apr-2026 14:32:49 America/Sao_Paulo] PHP Notice:  Undefined variable: rsH2 in /var/www/html/caixa/studio/fccxant.php on line 1551
[17-Apr-2026 09:52:04 America/Sao_Paulo] PHP Notice:  Undefined variable: ValorChav in /var/www/html/caixa/studio/fccxant.php on line 185
[17-Apr-2026 09:52:05 America/Sao_Paulo] PHP Notice:  Undefined variable: ValorProd in /var/www/html/caixa/studio/fccxant.php on line 205
[17-Apr-2026 09:52:05 America/Sao_Paulo] PHP Notice:  Undefined variable: ValorConc in /var/www/html/caixa/studio/fccxant.php on line 223
[17-Apr-2026 09:52:05 America/Sao_Paulo] PHP Notice:  Undefined variable: ValorContEnt in /var/www/html/caixa/studio/fccxant.php on line 258
[17-Apr-2026 09:52:05 America/Sao_Paulo] PHP Notice:  Undefined variable: ValorContParc in /var/www/html/caixa/studio/fccxant.php on line 276
[17-Apr-2026 09:52:05 America/Sao_Paulo] PHP Notice:  Undefined variable: ValorPropEnt in /var/www/html/caixa/studio/fccxant.php on line 294
[17-Apr-2026 09:52:05 America/Sao_Paulo] PHP Notice:  Undefined variable: ValorPropParc in /var/www/html/caixa/studio/fccxant.php on line 312
[17-Apr-2026 09:52:05 America/Sao_Paulo] PHP Notice:  Undefined variable: VrPRecsF in /var/www/html/caixa/studio/fccxant.php on line 330
[17-Apr-2026 09:52:05 America/Sao_Paulo] PHP Notice:  Undefined variable: VrBookRecF in /var/www/html/caixa/studio/fccxant.php on line 348
[17-Apr-2026 09:52:05 America/Sao_Paulo] PHP Notice:  Undefined variable: PgtoTot in /var/www/html/caixa/studio/fccxant.php on line 384
[17-Apr-2026 09:52:05 America/Sao_Paulo] PHP Notice:  Undefined variable: ValorEstorno in /var/www/html/caixa/studio/fccxant.php on line 402
[17-Apr-2026 09:52:05 America/Sao_Paulo] PHP Notice:  Undefined variable: Dinheiro in /var/www/html/caixa/studio/fccxant.php on line 416
[17-Apr-2026 09:52:05 America/Sao_Paulo] PHP Notice:  Undefined variable: PixQRCode in /var/www/html/caixa/studio/fccxant.php on line 430
[17-Apr-2026 09:52:05 America/Sao_Paulo] PHP Notice:  Undefined variable: PixCNPJ in /var/www/html/caixa/studio/fccxant.php on line 444
[17-Apr-2026 09:52:05 America/Sao_Paulo] PHP Notice:  Undefined variable: CardDeb in /var/www/html/caixa/studio/fccxant.php on line 458
[17-Apr-2026 09:52:05 America/Sao_Paulo] PHP Notice:  Undefined variable: CardVista in /var/www/html/caixa/studio/fccxant.php on line 472
[17-Apr-2026 09:52:05 America/Sao_Paulo] PHP Notice:  Undefined variable: CardParcLj in /var/www/html/caixa/studio/fccxant.php on line 485
[17-Apr-2026 09:52:05 America/Sao_Paulo] PHP Notice:  Undefined variable: CardParcAdm in /var/www/html/caixa/studio/fccxant.php on line 499
[17-Apr-2026 09:52:05 America/Sao_Paulo] PHP Notice:  Undefined variable: Recl in /var/www/html/caixa/studio/fccxant.php on line 554
[17-Apr-2026 09:52:05 America/Sao_Paulo] PHP Notice:  Undefined variable: pixQRCode in /var/www/html/caixa/studio/fccxant.php on line 558
[17-Apr-2026 09:52:05 America/Sao_Paulo] PHP Notice:  Undefined variable: pixCNPJ in /var/www/html/caixa/studio/fccxant.php on line 558
[17-Apr-2026 09:52:05 America/Sao_Paulo] PHP Notice:  Undefined variable: pixQRCode in /var/www/html/caixa/studio/fccxant.php on line 559
[17-Apr-2026 09:52:05 America/Sao_Paulo] PHP Notice:  Undefined variable: pixCNPJ in /var/www/html/caixa/studio/fccxant.php on line 559
[17-Apr-2026 09:52:05 America/Sao_Paulo] PHP Notice:  Undefined variable: Recl in /var/www/html/caixa/studio/fccxant.php on line 973
[17-Apr-2026 09:52:05 America/Sao_Paulo] PHP Notice:  Undefined variable: NVendas in /var/www/html/caixa/studio/fccxant.php on line 1001
[17-Apr-2026 09:52:05 America/Sao_Paulo] PHP Notice:  Undefined variable: ValorVend in /var/www/html/caixa/studio/fccxant.php on line 1002
[17-Apr-2026 09:52:05 America/Sao_Paulo] PHP Notice:  Undefined variable: ValorBebe in /var/www/html/caixa/studio/fccxant.php on line 1028
[17-Apr-2026 09:52:05 America/Sao_Paulo] PHP Notice:  Undefined variable: ValorResg in /var/www/html/caixa/studio/fccxant.php on line 1034
[17-Apr-2026 09:52:05 America/Sao_Paulo] PHP Notice:  Undefined variable: DepCli in /var/www/html/caixa/studio/fccxant.php on line 1038
[17-Apr-2026 09:52:05 America/Sao_Paulo] PHP Notice:  Undefined variable: CheqTotal in /var/www/html/caixa/studio/fccxant.php on line 1044
[17-Apr-2026 09:52:05 America/Sao_Paulo] PHP Notice:  Undefined variable: CheqPre in /var/www/html/caixa/studio/fccxant.php on line 1045
[17-Apr-2026 09:52:06 America/Sao_Paulo] PHP Notice:  Undefined variable: rsH2 in /var/www/html/caixa/studio/fccxant.php on line 1551
[20-Apr-2026 10:03:56 America/Sao_Paulo] PHP Notice:  Undefined variable: ValorChav in /var/www/html/caixa/studio/fccxant.php on line 185
[20-Apr-2026 10:03:56 America/Sao_Paulo] PHP Notice:  Undefined variable: ValorProd in /var/www/html/caixa/studio/fccxant.php on line 205
[20-Apr-2026 10:03:56 America/Sao_Paulo] PHP Notice:  Undefined variable: ValorConc in /var/www/html/caixa/studio/fccxant.php on line 223
[20-Apr-2026 10:03:56 America/Sao_Paulo] PHP Notice:  Undefined variable: ValorContEnt in /var/www/html/caixa/studio/fccxant.php on line 258
[20-Apr-2026 10:03:56 America/Sao_Paulo] PHP Notice:  Undefined variable: ValorContParc in /var/www/html/caixa/studio/fccxant.php on line 276
[20-Apr-2026 10:03:56 America/Sao_Paulo] PHP Notice:  Undefined variable: ValorPropEnt in /var/www/html/caixa/studio/fccxant.php on line 294
[20-Apr-2026 10:03:56 America/Sao_Paulo] PHP Notice:  Undefined variable: ValorPropParc in /var/www/html/caixa/studio/fccxant.php on line 312
[20-Apr-2026 10:03:56 America/Sao_Paulo] PHP Notice:  Undefined variable: VrPRecsF in /var/www/html/caixa/studio/fccxant.php on line 330
[20-Apr-2026 10:03:56 America/Sao_Paulo] PHP Notice:  Undefined variable: VrBookRecF in /var/www/html/caixa/studio/fccxant.php on line 348
[20-Apr-2026 10:03:56 America/Sao_Paulo] PHP Notice:  Undefined variable: RecDesp in /var/www/html/caixa/studio/fccxant.php on line 380
[20-Apr-2026 10:03:56 America/Sao_Paulo] PHP Notice:  Undefined variable: ValorEstorno in /var/www/html/caixa/studio/fccxant.php on line 402
[20-Apr-2026 10:03:56 America/Sao_Paulo] PHP Notice:  Undefined variable: Dinheiro in /var/www/html/caixa/studio/fccxant.php on line 416
[20-Apr-2026 10:03:56 America/Sao_Paulo] PHP Notice:  Undefined variable: PixQRCode in /var/www/html/caixa/studio/fccxant.php on line 430
[20-Apr-2026 10:03:56 America/Sao_Paulo] PHP Notice:  Undefined variable: PixCNPJ in /var/www/html/caixa/studio/fccxant.php on line 444
[20-Apr-2026 10:03:56 America/Sao_Paulo] PHP Notice:  Undefined variable: CardDeb in /var/www/html/caixa/studio/fccxant.php on line 458
[20-Apr-2026 10:03:56 America/Sao_Paulo] PHP Notice:  Undefined variable: CardVista in /var/www/html/caixa/studio/fccxant.php on line 472
[20-Apr-2026 10:03:56 America/Sao_Paulo] PHP Notice:  Undefined variable: CardParcLj in /var/www/html/caixa/studio/fccxant.php on line 485
[20-Apr-2026 10:03:56 America/Sao_Paulo] PHP Notice:  Undefined variable: CardParcAdm in /var/www/html/caixa/studio/fccxant.php on line 499
[20-Apr-2026 10:03:56 America/Sao_Paulo] PHP Notice:  Undefined variable: Recl in /var/www/html/caixa/studio/fccxant.php on line 551
[20-Apr-2026 10:03:56 America/Sao_Paulo] PHP Notice:  Undefined variable: pixQRCode in /var/www/html/caixa/studio/fccxant.php on line 558
[20-Apr-2026 10:03:56 America/Sao_Paulo] PHP Notice:  Undefined variable: pixCNPJ in /var/www/html/caixa/studio/fccxant.php on line 558
[20-Apr-2026 10:03:56 America/Sao_Paulo] PHP Notice:  Undefined variable: pixQRCode in /var/www/html/caixa/studio/fccxant.php on line 559
[20-Apr-2026 10:03:56 America/Sao_Paulo] PHP Notice:  Undefined variable: pixCNPJ in /var/www/html/caixa/studio/fccxant.php on line 559
[20-Apr-2026 10:03:56 America/Sao_Paulo] PHP Notice:  Undefined variable: NVendas in /var/www/html/caixa/studio/fccxant.php on line 1001
[20-Apr-2026 10:03:56 America/Sao_Paulo] PHP Notice:  Undefined variable: ValorVend in /var/www/html/caixa/studio/fccxant.php on line 1002
[20-Apr-2026 10:03:56 America/Sao_Paulo] PHP Notice:  Undefined variable: ValorBebe in /var/www/html/caixa/studio/fccxant.php on line 1028
[20-Apr-2026 10:03:56 America/Sao_Paulo] PHP Notice:  Undefined variable: ValorResg in /var/www/html/caixa/studio/fccxant.php on line 1034
[20-Apr-2026 10:03:56 America/Sao_Paulo] PHP Notice:  Undefined variable: DepCli in /var/www/html/caixa/studio/fccxant.php on line 1038
[20-Apr-2026 10:03:56 America/Sao_Paulo] PHP Notice:  Undefined variable: CheqTotal in /var/www/html/caixa/studio/fccxant.php on line 1044
[20-Apr-2026 10:03:56 America/Sao_Paulo] PHP Notice:  Undefined variable: CheqPre in /var/www/html/caixa/studio/fccxant.php on line 1045
[22-Apr-2026 18:24:32 America/Sao_Paulo] PHP Notice:  Undefined variable: ValorChav in /var/www/html/caixa/studio/fccxant.php on line 185
[22-Apr-2026 18:24:32 America/Sao_Paulo] PHP Notice:  Undefined variable: ValorProd in /var/www/html/caixa/studio/fccxant.php on line 205
[22-Apr-2026 18:24:32 America/Sao_Paulo] PHP Notice:  Undefined variable: ValorConc in /var/www/html/caixa/studio/fccxant.php on line 223
[22-Apr-2026 18:24:32 America/Sao_Paulo] PHP Notice:  Undefined variable: ValorContEnt in /var/www/html/caixa/studio/fccxant.php on line 258
[22-Apr-2026 18:24:32 America/Sao_Paulo] PHP Notice:  Undefined variable: ValorContParc in /var/www/html/caixa/studio/fccxant.php on line 276
[22-Apr-2026 18:24:32 America/Sao_Paulo] PHP Notice:  Undefined variable: ValorPropEnt in /var/www/html/caixa/studio/fccxant.php on line 294
[22-Apr-2026 18:24:32 America/Sao_Paulo] PHP Notice:  Undefined variable: ValorPropParc in /var/www/html/caixa/studio/fccxant.php on line 312
[22-Apr-2026 18:24:32 America/Sao_Paulo] PHP Notice:  Undefined variable: VrPRecsF in /var/www/html/caixa/studio/fccxant.php on line 330
[22-Apr-2026 18:24:32 America/Sao_Paulo] PHP Notice:  Undefined variable: VrBookRecF in /var/www/html/caixa/studio/fccxant.php on line 348
[22-Apr-2026 18:24:32 America/Sao_Paulo] PHP Notice:  Undefined variable: PgtoTot in /var/www/html/caixa/studio/fccxant.php on line 384
[22-Apr-2026 18:24:32 America/Sao_Paulo] PHP Notice:  Undefined variable: ValorEstorno in /var/www/html/caixa/studio/fccxant.php on line 402
[22-Apr-2026 18:24:32 America/Sao_Paulo] PHP Notice:  Undefined variable: Dinheiro in /var/www/html/caixa/studio/fccxant.php on line 416
[22-Apr-2026 18:24:32 America/Sao_Paulo] PHP Notice:  Undefined variable: PixQRCode in /var/www/html/caixa/studio/fccxant.php on line 430
[22-Apr-2026 18:24:32 America/Sao_Paulo] PHP Notice:  Undefined variable: PixCNPJ in /var/www/html/caixa/studio/fccxant.php on line 444
[22-Apr-2026 18:24:32 America/Sao_Paulo] PHP Notice:  Undefined variable: CardDeb in /var/www/html/caixa/studio/fccxant.php on line 458
[22-Apr-2026 18:24:32 America/Sao_Paulo] PHP Notice:  Undefined variable: CardVista in /var/www/html/caixa/studio/fccxant.php on line 472
[22-Apr-2026 18:24:32 America/Sao_Paulo] PHP Notice:  Undefined variable: CardParcLj in /var/www/html/caixa/studio/fccxant.php on line 485
[22-Apr-2026 18:24:32 America/Sao_Paulo] PHP Notice:  Undefined variable: CardParcAdm in /var/www/html/caixa/studio/fccxant.php on line 499
[22-Apr-2026 18:24:32 America/Sao_Paulo] PHP Notice:  Undefined variable: Recl in /var/www/html/caixa/studio/fccxant.php on line 554
[22-Apr-2026 18:24:32 America/Sao_Paulo] PHP Notice:  Undefined variable: pixQRCode in /var/www/html/caixa/studio/fccxant.php on line 558
[22-Apr-2026 18:24:32 America/Sao_Paulo] PHP Notice:  Undefined variable: pixCNPJ in /var/www/html/caixa/studio/fccxant.php on line 558
[22-Apr-2026 18:24:32 America/Sao_Paulo] PHP Notice:  Undefined variable: pixQRCode in /var/www/html/caixa/studio/fccxant.php on line 559
[22-Apr-2026 18:24:32 America/Sao_Paulo] PHP Notice:  Undefined variable: pixCNPJ in /var/www/html/caixa/studio/fccxant.php on line 559
[22-Apr-2026 18:24:32 America/Sao_Paulo] PHP Notice:  Undefined variable: Recl in /var/www/html/caixa/studio/fccxant.php on line 973
[22-Apr-2026 18:24:32 America/Sao_Paulo] PHP Notice:  Undefined variable: NVendas in /var/www/html/caixa/studio/fccxant.php on line 1001
[22-Apr-2026 18:24:32 America/Sao_Paulo] PHP Notice:  Undefined variable: ValorVend in /var/www/html/caixa/studio/fccxant.php on line 1002
[22-Apr-2026 18:24:32 America/Sao_Paulo] PHP Notice:  Undefined variable: ValorBebe in /var/www/html/caixa/studio/fccxant.php on line 1028
[22-Apr-2026 18:24:32 America/Sao_Paulo] PHP Notice:  Undefined variable: ValorResg in /var/www/html/caixa/studio/fccxant.php on line 1034
[22-Apr-2026 18:24:32 America/Sao_Paulo] PHP Notice:  Undefined variable: DepCli in /var/www/html/caixa/studio/fccxant.php on line 1038
[22-Apr-2026 18:24:32 America/Sao_Paulo] PHP Notice:  Undefined variable: CheqTotal in /var/www/html/caixa/studio/fccxant.php on line 1044
[22-Apr-2026 18:24:32 America/Sao_Paulo] PHP Notice:  Undefined variable: CheqPre in /var/www/html/caixa/studio/fccxant.php on line 1045
[22-Apr-2026 18:24:33 America/Sao_Paulo] PHP Notice:  Undefined variable: rsH2 in /var/www/html/caixa/studio/fccxant.php on line 1551
[27-Apr-2026 08:54:02 America/Sao_Paulo] PHP Notice:  Undefined variable: ValorChav in /var/www/html/caixa/studio/fccxant.php on line 185
[27-Apr-2026 08:54:02 America/Sao_Paulo] PHP Notice:  Undefined variable: ValorProd in /var/www/html/caixa/studio/fccxant.php on line 205
[27-Apr-2026 08:54:02 America/Sao_Paulo] PHP Notice:  Undefined variable: ValorConc in /var/www/html/caixa/studio/fccxant.php on line 223
[27-Apr-2026 08:54:02 America/Sao_Paulo] PHP Notice:  Undefined variable: ValorContEnt in /var/www/html/caixa/studio/fccxant.php on line 258
[27-Apr-2026 08:54:02 America/Sao_Paulo] PHP Notice:  Undefined variable: ValorContParc in /var/www/html/caixa/studio/fccxant.php on line 276
[27-Apr-2026 08:54:02 America/Sao_Paulo] PHP Notice:  Undefined variable: ValorPropEnt in /var/www/html/caixa/studio/fccxant.php on line 294
[27-Apr-2026 08:54:02 America/Sao_Paulo] PHP Notice:  Undefined variable: ValorPropParc in /var/www/html/caixa/studio/fccxant.php on line 312
[27-Apr-2026 08:54:02 America/Sao_Paulo] PHP Notice:  Undefined variable: VrPRecsF in /var/www/html/caixa/studio/fccxant.php on line 330
[27-Apr-2026 08:54:02 America/Sao_Paulo] PHP Notice:  Undefined variable: VrBookRecF in /var/www/html/caixa/studio/fccxant.php on line 348
[27-Apr-2026 08:54:02 America/Sao_Paulo] PHP Notice:  Undefined variable: PgtoTot in /var/www/html/caixa/studio/fccxant.php on line 384
[27-Apr-2026 08:54:02 America/Sao_Paulo] PHP Notice:  Undefined variable: ValorEstorno in /var/www/html/caixa/studio/fccxant.php on line 402
[27-Apr-2026 08:54:02 America/Sao_Paulo] PHP Notice:  Undefined variable: Dinheiro in /var/www/html/caixa/studio/fccxant.php on line 416
[27-Apr-2026 08:54:02 America/Sao_Paulo] PHP Notice:  Undefined variable: PixQRCode in /var/www/html/caixa/studio/fccxant.php on line 430
[27-Apr-2026 08:54:02 America/Sao_Paulo] PHP Notice:  Undefined variable: PixCNPJ in /var/www/html/caixa/studio/fccxant.php on line 444
[27-Apr-2026 08:54:02 America/Sao_Paulo] PHP Notice:  Undefined variable: CardDeb in /var/www/html/caixa/studio/fccxant.php on line 458
[27-Apr-2026 08:54:02 America/Sao_Paulo] PHP Notice:  Undefined variable: CardVista in /var/www/html/caixa/studio/fccxant.php on line 472
[27-Apr-2026 08:54:02 America/Sao_Paulo] PHP Notice:  Undefined variable: CardParcLj in /var/www/html/caixa/studio/fccxant.php on line 485
[27-Apr-2026 08:54:02 America/Sao_Paulo] PHP Notice:  Undefined variable: CardParcAdm in /var/www/html/caixa/studio/fccxant.php on line 499
[27-Apr-2026 08:54:02 America/Sao_Paulo] PHP Notice:  Undefined variable: Recl in /var/www/html/caixa/studio/fccxant.php on line 554
[27-Apr-2026 08:54:02 America/Sao_Paulo] PHP Notice:  Undefined variable: pixQRCode in /var/www/html/caixa/studio/fccxant.php on line 558
[27-Apr-2026 08:54:02 America/Sao_Paulo] PHP Notice:  Undefined variable: pixCNPJ in /var/www/html/caixa/studio/fccxant.php on line 558
[27-Apr-2026 08:54:02 America/Sao_Paulo] PHP Notice:  Undefined variable: pixQRCode in /var/www/html/caixa/studio/fccxant.php on line 559
[27-Apr-2026 08:54:02 America/Sao_Paulo] PHP Notice:  Undefined variable: pixCNPJ in /var/www/html/caixa/studio/fccxant.php on line 559
[27-Apr-2026 08:54:02 America/Sao_Paulo] PHP Notice:  Undefined variable: Recl in /var/www/html/caixa/studio/fccxant.php on line 973
[27-Apr-2026 08:54:02 America/Sao_Paulo] PHP Notice:  Undefined variable: NVendas in /var/www/html/caixa/studio/fccxant.php on line 1001
[27-Apr-2026 08:54:02 America/Sao_Paulo] PHP Notice:  Undefined variable: ValorVend in /var/www/html/caixa/studio/fccxant.php on line 1002
[27-Apr-2026 08:54:02 America/Sao_Paulo] PHP Notice:  Undefined variable: ValorBebe in /var/www/html/caixa/studio/fccxant.php on line 1028
[27-Apr-2026 08:54:02 America/Sao_Paulo] PHP Notice:  Undefined variable: ValorResg in /var/www/html/caixa/studio/fccxant.php on line 1034
[27-Apr-2026 08:54:02 America/Sao_Paulo] PHP Notice:  Undefined variable: DepCli in /var/www/html/caixa/studio/fccxant.php on line 1038
[27-Apr-2026 08:54:02 America/Sao_Paulo] PHP Notice:  Undefined variable: CheqTotal in /var/www/html/caixa/studio/fccxant.php on line 1044
[27-Apr-2026 08:54:02 America/Sao_Paulo] PHP Notice:  Undefined variable: CheqPre in /var/www/html/caixa/studio/fccxant.php on line 1045
[27-Apr-2026 08:54:02 America/Sao_Paulo] PHP Notice:  Undefined variable: rsH2 in /var/www/html/caixa/studio/fccxant.php on line 1551
[27-Apr-2026 11:26:24 America/Sao_Paulo] PHP Notice:  Undefined index: txtcod in /var/www/html/caixa/studio/fcxparcsem.php on line 66
[27-Apr-2026 11:26:24 America/Sao_Paulo] PHP Notice:  Undefined index: txtsen in /var/www/html/caixa/studio/fcxparcsem.php on line 67
[27-Apr-2026 11:26:24 America/Sao_Paulo] PHP Notice:  Undefined variable: ValorProd in /var/www/html/caixa/studio/fcxparcsem.php on line 202
[27-Apr-2026 11:26:24 America/Sao_Paulo] PHP Notice:  Undefined variable: ValorConc in /var/www/html/caixa/studio/fcxparcsem.php on line 220
[27-Apr-2026 11:26:24 America/Sao_Paulo] PHP Notice:  Undefined variable: ValorContEnt in /var/www/html/caixa/studio/fcxparcsem.php on line 238
[27-Apr-2026 11:26:24 America/Sao_Paulo] PHP Notice:  Undefined variable: ValorContParc in /var/www/html/caixa/studio/fcxparcsem.php on line 256
[27-Apr-2026 11:26:24 America/Sao_Paulo] PHP Notice:  Undefined variable: ValorPropEnt in /var/www/html/caixa/studio/fcxparcsem.php on line 274
[27-Apr-2026 11:26:24 America/Sao_Paulo] PHP Notice:  Undefined variable: VrPRecsF in /var/www/html/caixa/studio/fcxparcsem.php on line 310
[27-Apr-2026 11:26:24 America/Sao_Paulo] PHP Notice:  Undefined variable: VrBookRecF in /var/www/html/caixa/studio/fcxparcsem.php on line 328
[27-Apr-2026 11:26:24 America/Sao_Paulo] PHP Notice:  Undefined variable: PgtoTot in /var/www/html/caixa/studio/fcxparcsem.php on line 364
[27-Apr-2026 11:26:24 America/Sao_Paulo] PHP Notice:  Undefined variable: ValorEstorno in /var/www/html/caixa/studio/fcxparcsem.php on line 382
[27-Apr-2026 11:26:24 America/Sao_Paulo] PHP Notice:  Undefined variable: Dinheiro in /var/www/html/caixa/studio/fcxparcsem.php on line 396
[27-Apr-2026 11:26:24 America/Sao_Paulo] PHP Notice:  Undefined variable: PixQRCode in /var/www/html/caixa/studio/fcxparcsem.php on line 410
[27-Apr-2026 11:26:24 America/Sao_Paulo] PHP Notice:  Undefined variable: PixCNPJ in /var/www/html/caixa/studio/fcxparcsem.php on line 424
[27-Apr-2026 11:26:24 America/Sao_Paulo] PHP Notice:  Undefined variable: CardDeb in /var/www/html/caixa/studio/fcxparcsem.php on line 438
[27-Apr-2026 11:26:24 America/Sao_Paulo] PHP Notice:  Undefined variable: CardVista in /var/www/html/caixa/studio/fcxparcsem.php on line 452
[27-Apr-2026 11:26:24 America/Sao_Paulo] PHP Notice:  Undefined variable: CardParcLj in /var/www/html/caixa/studio/fcxparcsem.php on line 466
[27-Apr-2026 11:26:24 America/Sao_Paulo] PHP Notice:  Undefined variable: Recl in /var/www/html/caixa/studio/fcxparcsem.php on line 489
[27-Apr-2026 11:26:24 America/Sao_Paulo] PHP Notice:  Undefined variable: cashTot in /var/www/html/caixa/studio/fcxparcsem.php on line 492
[27-Apr-2026 11:26:24 America/Sao_Paulo] PHP Notice:  Undefined variable: cDebFinal in /var/www/html/caixa/studio/fcxparcsem.php on line 492
[27-Apr-2026 11:26:24 America/Sao_Paulo] PHP Notice:  Undefined variable: credTotV in /var/www/html/caixa/studio/fcxparcsem.php on line 492
[27-Apr-2026 11:26:24 America/Sao_Paulo] PHP Notice:  Undefined variable: credTotPLoja in /var/www/html/caixa/studio/fcxparcsem.php on line 492
[27-Apr-2026 11:26:24 America/Sao_Paulo] PHP Notice:  Undefined variable: credTotPAdm in /var/www/html/caixa/studio/fcxparcsem.php on line 492
[27-Apr-2026 11:26:24 America/Sao_Paulo] PHP Notice:  Undefined variable: pixQRCode in /var/www/html/caixa/studio/fcxparcsem.php on line 492
[27-Apr-2026 11:26:24 America/Sao_Paulo] PHP Notice:  Undefined variable: pixCNPJ in /var/www/html/caixa/studio/fcxparcsem.php on line 492
[27-Apr-2026 11:26:24 America/Sao_Paulo] PHP Notice:  Undefined variable: cDebFinal in /var/www/html/caixa/studio/fcxparcsem.php on line 493
[27-Apr-2026 11:26:24 America/Sao_Paulo] PHP Notice:  Undefined variable: credTotV in /var/www/html/caixa/studio/fcxparcsem.php on line 493
[27-Apr-2026 11:26:24 America/Sao_Paulo] PHP Notice:  Undefined variable: credTotPLoja in /var/www/html/caixa/studio/fcxparcsem.php on line 493
[27-Apr-2026 11:26:24 America/Sao_Paulo] PHP Notice:  Undefined variable: credTotPAdm in /var/www/html/caixa/studio/fcxparcsem.php on line 493
[27-Apr-2026 11:26:24 America/Sao_Paulo] PHP Notice:  Undefined variable: pixQRCode in /var/www/html/caixa/studio/fcxparcsem.php on line 493
[27-Apr-2026 11:26:24 America/Sao_Paulo] PHP Notice:  Undefined variable: pixCNPJ in /var/www/html/caixa/studio/fcxparcsem.php on line 493
[27-Apr-2026 11:26:24 America/Sao_Paulo] PHP Notice:  Undefined variable: cashTot in /var/www/html/caixa/studio/fcxparcsem.php on line 553
[29-Apr-2026 10:56:55 America/Sao_Paulo] PHP Notice:  Undefined variable: ValorChav in /var/www/html/caixa/studio/fccxant.php on line 185
[29-Apr-2026 10:56:55 America/Sao_Paulo] PHP Notice:  Undefined variable: ValorProd in /var/www/html/caixa/studio/fccxant.php on line 205
[29-Apr-2026 10:56:55 America/Sao_Paulo] PHP Notice:  Undefined variable: ValorConc in /var/www/html/caixa/studio/fccxant.php on line 223
[29-Apr-2026 10:56:55 America/Sao_Paulo] PHP Notice:  Undefined variable: ValorContEnt in /var/www/html/caixa/studio/fccxant.php on line 258
[29-Apr-2026 10:56:55 America/Sao_Paulo] PHP Notice:  Undefined variable: ValorContParc in /var/www/html/caixa/studio/fccxant.php on line 276
[29-Apr-2026 10:56:55 America/Sao_Paulo] PHP Notice:  Undefined variable: ValorPropEnt in /var/www/html/caixa/studio/fccxant.php on line 294
[29-Apr-2026 10:56:55 America/Sao_Paulo] PHP Notice:  Undefined variable: ValorPropParc in /var/www/html/caixa/studio/fccxant.php on line 312
[29-Apr-2026 10:56:55 America/Sao_Paulo] PHP Notice:  Undefined variable: VrPRecsF in /var/www/html/caixa/studio/fccxant.php on line 330
[29-Apr-2026 10:56:55 America/Sao_Paulo] PHP Notice:  Undefined variable: VrBookRecF in /var/www/html/caixa/studio/fccxant.php on line 348
[29-Apr-2026 10:56:55 America/Sao_Paulo] PHP Notice:  Undefined variable: PgtoTot in /var/www/html/caixa/studio/fccxant.php on line 384
[29-Apr-2026 10:56:55 America/Sao_Paulo] PHP Notice:  Undefined variable: ValorEstorno in /var/www/html/caixa/studio/fccxant.php on line 402
[29-Apr-2026 10:56:55 America/Sao_Paulo] PHP Notice:  Undefined variable: Dinheiro in /var/www/html/caixa/studio/fccxant.php on line 416
[29-Apr-2026 10:56:55 America/Sao_Paulo] PHP Notice:  Undefined variable: PixQRCode in /var/www/html/caixa/studio/fccxant.php on line 430
[29-Apr-2026 10:56:55 America/Sao_Paulo] PHP Notice:  Undefined variable: PixCNPJ in /var/www/html/caixa/studio/fccxant.php on line 444
[29-Apr-2026 10:56:55 America/Sao_Paulo] PHP Notice:  Undefined variable: CardDeb in /var/www/html/caixa/studio/fccxant.php on line 458
[29-Apr-2026 10:56:55 America/Sao_Paulo] PHP Notice:  Undefined variable: CardVista in /var/www/html/caixa/studio/fccxant.php on line 472
[29-Apr-2026 10:56:55 America/Sao_Paulo] PHP Notice:  Undefined variable: CardParcLj in /var/www/html/caixa/studio/fccxant.php on line 485
[29-Apr-2026 10:56:55 America/Sao_Paulo] PHP Notice:  Undefined variable: CardParcAdm in /var/www/html/caixa/studio/fccxant.php on line 499
[29-Apr-2026 10:56:55 America/Sao_Paulo] PHP Notice:  Undefined variable: Recl in /var/www/html/caixa/studio/fccxant.php on line 554
[29-Apr-2026 10:56:55 America/Sao_Paulo] PHP Notice:  Undefined variable: pixQRCode in /var/www/html/caixa/studio/fccxant.php on line 558
[29-Apr-2026 10:56:55 America/Sao_Paulo] PHP Notice:  Undefined variable: pixCNPJ in /var/www/html/caixa/studio/fccxant.php on line 558
[29-Apr-2026 10:56:55 America/Sao_Paulo] PHP Notice:  Undefined variable: pixQRCode in /var/www/html/caixa/studio/fccxant.php on line 559
[29-Apr-2026 10:56:55 America/Sao_Paulo] PHP Notice:  Undefined variable: pixCNPJ in /var/www/html/caixa/studio/fccxant.php on line 559
[29-Apr-2026 10:56:55 America/Sao_Paulo] PHP Notice:  Undefined variable: Recl in /var/www/html/caixa/studio/fccxant.php on line 973
[29-Apr-2026 10:56:55 America/Sao_Paulo] PHP Notice:  Undefined variable: NVendas in /var/www/html/caixa/studio/fccxant.php on line 1001
[29-Apr-2026 10:56:55 America/Sao_Paulo] PHP Notice:  Undefined variable: ValorVend in /var/www/html/caixa/studio/fccxant.php on line 1002
[29-Apr-2026 10:56:55 America/Sao_Paulo] PHP Notice:  Undefined variable: ValorBebe in /var/www/html/caixa/studio/fccxant.php on line 1028
[29-Apr-2026 10:56:55 America/Sao_Paulo] PHP Notice:  Undefined variable: ValorResg in /var/www/html/caixa/studio/fccxant.php on line 1034
[29-Apr-2026 10:56:55 America/Sao_Paulo] PHP Notice:  Undefined variable: DepCli in /var/www/html/caixa/studio/fccxant.php on line 1038
[29-Apr-2026 10:56:55 America/Sao_Paulo] PHP Notice:  Undefined variable: CheqTotal in /var/www/html/caixa/studio/fccxant.php on line 1044
[29-Apr-2026 10:56:55 America/Sao_Paulo] PHP Notice:  Undefined variable: CheqPre in /var/www/html/caixa/studio/fccxant.php on line 1045
[29-Apr-2026 10:56:56 America/Sao_Paulo] PHP Notice:  Undefined variable: rsH2 in /var/www/html/caixa/studio/fccxant.php on line 1551
[30-Apr-2026 18:22:39 America/Sao_Paulo] PHP Notice:  Undefined variable: ValorChav in /var/www/html/caixa/studio/fccxant.php on line 185
[30-Apr-2026 18:22:39 America/Sao_Paulo] PHP Notice:  Undefined variable: ValorProd in /var/www/html/caixa/studio/fccxant.php on line 205
[30-Apr-2026 18:22:39 America/Sao_Paulo] PHP Notice:  Undefined variable: ValorConc in /var/www/html/caixa/studio/fccxant.php on line 223
[30-Apr-2026 18:22:39 America/Sao_Paulo] PHP Notice:  Undefined variable: ValorContEnt in /var/www/html/caixa/studio/fccxant.php on line 258
[30-Apr-2026 18:22:39 America/Sao_Paulo] PHP Notice:  Undefined variable: ValorContParc in /var/www/html/caixa/studio/fccxant.php on line 276
[30-Apr-2026 18:22:39 America/Sao_Paulo] PHP Notice:  Undefined variable: ValorPropEnt in /var/www/html/caixa/studio/fccxant.php on line 294
[30-Apr-2026 18:22:39 America/Sao_Paulo] PHP Notice:  Undefined variable: ValorPropParc in /var/www/html/caixa/studio/fccxant.php on line 312
[30-Apr-2026 18:22:39 America/Sao_Paulo] PHP Notice:  Undefined variable: VrPRecsF in /var/www/html/caixa/studio/fccxant.php on line 330
[30-Apr-2026 18:22:39 America/Sao_Paulo] PHP Notice:  Undefined variable: VrBookRecF in /var/www/html/caixa/studio/fccxant.php on line 348
[30-Apr-2026 18:22:39 America/Sao_Paulo] PHP Notice:  Undefined variable: PgtoTot in /var/www/html/caixa/studio/fccxant.php on line 384
[30-Apr-2026 18:22:39 America/Sao_Paulo] PHP Notice:  Undefined variable: ValorEstorno in /var/www/html/caixa/studio/fccxant.php on line 402
[30-Apr-2026 18:22:39 America/Sao_Paulo] PHP Notice:  Undefined variable: Dinheiro in /var/www/html/caixa/studio/fccxant.php on line 416
[30-Apr-2026 18:22:39 America/Sao_Paulo] PHP Notice:  Undefined variable: PixQRCode in /var/www/html/caixa/studio/fccxant.php on line 430
[30-Apr-2026 18:22:39 America/Sao_Paulo] PHP Notice:  Undefined variable: PixCNPJ in /var/www/html/caixa/studio/fccxant.php on line 444
[30-Apr-2026 18:22:39 America/Sao_Paulo] PHP Notice:  Undefined variable: CardDeb in /var/www/html/caixa/studio/fccxant.php on line 458
[30-Apr-2026 18:22:39 America/Sao_Paulo] PHP Notice:  Undefined variable: CardVista in /var/www/html/caixa/studio/fccxant.php on line 472
[30-Apr-2026 18:22:39 America/Sao_Paulo] PHP Notice:  Undefined variable: CardParcLj in /var/www/html/caixa/studio/fccxant.php on line 485
[30-Apr-2026 18:22:39 America/Sao_Paulo] PHP Notice:  Undefined variable: CardParcAdm in /var/www/html/caixa/studio/fccxant.php on line 499
[30-Apr-2026 18:22:39 America/Sao_Paulo] PHP Notice:  Undefined variable: Recl in /var/www/html/caixa/studio/fccxant.php on line 554
[30-Apr-2026 18:22:39 America/Sao_Paulo] PHP Notice:  Undefined variable: pixQRCode in /var/www/html/caixa/studio/fccxant.php on line 558
[30-Apr-2026 18:22:39 America/Sao_Paulo] PHP Notice:  Undefined variable: pixCNPJ in /var/www/html/caixa/studio/fccxant.php on line 558
[30-Apr-2026 18:22:39 America/Sao_Paulo] PHP Notice:  Undefined variable: pixQRCode in /var/www/html/caixa/studio/fccxant.php on line 559
[30-Apr-2026 18:22:39 America/Sao_Paulo] PHP Notice:  Undefined variable: pixCNPJ in /var/www/html/caixa/studio/fccxant.php on line 559
[30-Apr-2026 18:22:39 America/Sao_Paulo] PHP Notice:  Undefined variable: Recl in /var/www/html/caixa/studio/fccxant.php on line 973
[30-Apr-2026 18:22:39 America/Sao_Paulo] PHP Notice:  Undefined variable: NVendas in /var/www/html/caixa/studio/fccxant.php on line 1001
[30-Apr-2026 18:22:39 America/Sao_Paulo] PHP Notice:  Undefined variable: ValorVend in /var/www/html/caixa/studio/fccxant.php on line 1002
[30-Apr-2026 18:22:39 America/Sao_Paulo] PHP Notice:  Undefined variable: ValorBebe in /var/www/html/caixa/studio/fccxant.php on line 1028
[30-Apr-2026 18:22:39 America/Sao_Paulo] PHP Notice:  Undefined variable: ValorResg in /var/www/html/caixa/studio/fccxant.php on line 1034
[30-Apr-2026 18:22:39 America/Sao_Paulo] PHP Notice:  Undefined variable: DepCli in /var/www/html/caixa/studio/fccxant.php on line 1038
[30-Apr-2026 18:22:39 America/Sao_Paulo] PHP Notice:  Undefined variable: CheqTotal in /var/www/html/caixa/studio/fccxant.php on line 1044
[30-Apr-2026 18:22:39 America/Sao_Paulo] PHP Notice:  Undefined variable: CheqPre in /var/www/html/caixa/studio/fccxant.php on line 1045
[30-Apr-2026 18:22:40 America/Sao_Paulo] PHP Notice:  Undefined variable: rsH2 in /var/www/html/caixa/studio/fccxant.php on line 1551
[08-May-2026 14:01:48 America/Sao_Paulo] PHP Notice:  Undefined variable: ValorChav in /var/www/html/caixa/studio/fccxant.php on line 185
[08-May-2026 14:01:49 America/Sao_Paulo] PHP Notice:  Undefined variable: ValorProd in /var/www/html/caixa/studio/fccxant.php on line 205
[08-May-2026 14:01:49 America/Sao_Paulo] PHP Notice:  Undefined variable: ValorConc in /var/www/html/caixa/studio/fccxant.php on line 223
[08-May-2026 14:01:49 America/Sao_Paulo] PHP Notice:  Undefined variable: ValorContEnt in /var/www/html/caixa/studio/fccxant.php on line 258
[08-May-2026 14:01:49 America/Sao_Paulo] PHP Notice:  Undefined variable: ValorContParc in /var/www/html/caixa/studio/fccxant.php on line 276
[08-May-2026 14:01:49 America/Sao_Paulo] PHP Notice:  Undefined variable: ValorPropEnt in /var/www/html/caixa/studio/fccxant.php on line 294
[08-May-2026 14:01:49 America/Sao_Paulo] PHP Notice:  Undefined variable: ValorPropParc in /var/www/html/caixa/studio/fccxant.php on line 312
[08-May-2026 14:01:49 America/Sao_Paulo] PHP Notice:  Undefined variable: PgtoTot in /var/www/html/caixa/studio/fccxant.php on line 384
[08-May-2026 14:01:49 America/Sao_Paulo] PHP Notice:  Undefined variable: ValorEstorno in /var/www/html/caixa/studio/fccxant.php on line 402
[08-May-2026 14:01:49 America/Sao_Paulo] PHP Notice:  Undefined variable: pixQRCode in /var/www/html/caixa/studio/fccxant.php on line 426
[08-May-2026 14:01:49 America/Sao_Paulo] PHP Notice:  Undefined variable: PixCNPJ in /var/www/html/caixa/studio/fccxant.php on line 444
[08-May-2026 14:01:49 America/Sao_Paulo] PHP Notice:  Undefined variable: CardParcAdm in /var/www/html/caixa/studio/fccxant.php on line 499
[08-May-2026 14:01:49 America/Sao_Paulo] PHP Notice:  Undefined variable: Recl in /var/www/html/caixa/studio/fccxant.php on line 554
[08-May-2026 14:01:49 America/Sao_Paulo] PHP Notice:  Undefined variable: pixCNPJ in /var/www/html/caixa/studio/fccxant.php on line 558
[08-May-2026 14:01:49 America/Sao_Paulo] PHP Notice:  Undefined variable: pixCNPJ in /var/www/html/caixa/studio/fccxant.php on line 559
[08-May-2026 14:01:49 America/Sao_Paulo] PHP Notice:  Undefined variable: Recl in /var/www/html/caixa/studio/fccxant.php on line 973
[08-May-2026 14:01:49 America/Sao_Paulo] PHP Notice:  Undefined variable: NVendas in /var/www/html/caixa/studio/fccxant.php on line 1001
[08-May-2026 14:01:49 America/Sao_Paulo] PHP Notice:  Undefined variable: ValorVend in /var/www/html/caixa/studio/fccxant.php on line 1002
[08-May-2026 14:01:49 America/Sao_Paulo] PHP Notice:  Undefined variable: ValorBebe in /var/www/html/caixa/studio/fccxant.php on line 1028
[08-May-2026 14:01:49 America/Sao_Paulo] PHP Notice:  Undefined variable: ValorResg in /var/www/html/caixa/studio/fccxant.php on line 1034
[08-May-2026 14:01:49 America/Sao_Paulo] PHP Notice:  Undefined variable: DepCli in /var/www/html/caixa/studio/fccxant.php on line 1038
[08-May-2026 14:01:49 America/Sao_Paulo] PHP Notice:  Undefined variable: CheqTotal in /var/www/html/caixa/studio/fccxant.php on line 1044
[08-May-2026 14:01:49 America/Sao_Paulo] PHP Notice:  Undefined variable: CheqPre in /var/www/html/caixa/studio/fccxant.php on line 1045
[08-May-2026 14:01:49 America/Sao_Paulo] PHP Notice:  Undefined variable: rsH2 in /var/www/html/caixa/studio/fccxant.php on line 1551
[11-May-2026 09:25:03 America/Sao_Paulo] PHP Notice:  Undefined variable: ValorChav in /var/www/html/caixa/studio/fccxant.php on line 185
[11-May-2026 09:25:03 America/Sao_Paulo] PHP Notice:  Undefined variable: ValorProd in /var/www/html/caixa/studio/fccxant.php on line 205
[11-May-2026 09:25:03 America/Sao_Paulo] PHP Notice:  Undefined variable: ValorConc in /var/www/html/caixa/studio/fccxant.php on line 223
[11-May-2026 09:25:03 America/Sao_Paulo] PHP Notice:  Undefined variable: ValorContEnt in /var/www/html/caixa/studio/fccxant.php on line 258
[11-May-2026 09:25:03 America/Sao_Paulo] PHP Notice:  Undefined variable: ValorContParc in /var/www/html/caixa/studio/fccxant.php on line 276
[11-May-2026 09:25:03 America/Sao_Paulo] PHP Notice:  Undefined variable: ValorPropEnt in /var/www/html/caixa/studio/fccxant.php on line 294
[11-May-2026 09:25:03 America/Sao_Paulo] PHP Notice:  Undefined variable: ValorPropParc in /var/www/html/caixa/studio/fccxant.php on line 312
[11-May-2026 09:25:03 America/Sao_Paulo] PHP Notice:  Undefined variable: VrPRecsF in /var/www/html/caixa/studio/fccxant.php on line 330
[11-May-2026 09:25:03 America/Sao_Paulo] PHP Notice:  Undefined variable: VrBookRecF in /var/www/html/caixa/studio/fccxant.php on line 348
[11-May-2026 09:25:03 America/Sao_Paulo] PHP Notice:  Undefined variable: PgtoTot in /var/www/html/caixa/studio/fccxant.php on line 384
[11-May-2026 09:25:03 America/Sao_Paulo] PHP Notice:  Undefined variable: ValorEstorno in /var/www/html/caixa/studio/fccxant.php on line 402
[11-May-2026 09:25:03 America/Sao_Paulo] PHP Notice:  Undefined variable: Dinheiro in /var/www/html/caixa/studio/fccxant.php on line 416
[11-May-2026 09:25:03 America/Sao_Paulo] PHP Notice:  Undefined variable: PixQRCode in /var/www/html/caixa/studio/fccxant.php on line 430
[11-May-2026 09:25:03 America/Sao_Paulo] PHP Notice:  Undefined variable: PixCNPJ in /var/www/html/caixa/studio/fccxant.php on line 444
[11-May-2026 09:25:03 America/Sao_Paulo] PHP Notice:  Undefined variable: CardDeb in /var/www/html/caixa/studio/fccxant.php on line 458
[11-May-2026 09:25:03 America/Sao_Paulo] PHP Notice:  Undefined variable: CardVista in /var/www/html/caixa/studio/fccxant.php on line 472
[11-May-2026 09:25:03 America/Sao_Paulo] PHP Notice:  Undefined variable: CardParcLj in /var/www/html/caixa/studio/fccxant.php on line 485
[11-May-2026 09:25:03 America/Sao_Paulo] PHP Notice:  Undefined variable: CardParcAdm in /var/www/html/caixa/studio/fccxant.php on line 499
[11-May-2026 09:25:03 America/Sao_Paulo] PHP Notice:  Undefined variable: Recl in /var/www/html/caixa/studio/fccxant.php on line 554
[11-May-2026 09:25:03 America/Sao_Paulo] PHP Notice:  Undefined variable: pixQRCode in /var/www/html/caixa/studio/fccxant.php on line 558
[11-May-2026 09:25:03 America/Sao_Paulo] PHP Notice:  Undefined variable: pixCNPJ in /var/www/html/caixa/studio/fccxant.php on line 558
[11-May-2026 09:25:03 America/Sao_Paulo] PHP Notice:  Undefined variable: pixQRCode in /var/www/html/caixa/studio/fccxant.php on line 559
[11-May-2026 09:25:03 America/Sao_Paulo] PHP Notice:  Undefined variable: pixCNPJ in /var/www/html/caixa/studio/fccxant.php on line 559
[11-May-2026 09:25:03 America/Sao_Paulo] PHP Notice:  Undefined variable: Recl in /var/www/html/caixa/studio/fccxant.php on line 973
[11-May-2026 09:25:03 America/Sao_Paulo] PHP Notice:  Undefined variable: NVendas in /var/www/html/caixa/studio/fccxant.php on line 1001
[11-May-2026 09:25:03 America/Sao_Paulo] PHP Notice:  Undefined variable: ValorVend in /var/www/html/caixa/studio/fccxant.php on line 1002
[11-May-2026 09:25:03 America/Sao_Paulo] PHP Notice:  Undefined variable: ValorBebe in /var/www/html/caixa/studio/fccxant.php on line 1028
[11-May-2026 09:25:03 America/Sao_Paulo] PHP Notice:  Undefined variable: ValorResg in /var/www/html/caixa/studio/fccxant.php on line 1034
[11-May-2026 09:25:03 America/Sao_Paulo] PHP Notice:  Undefined variable: DepCli in /var/www/html/caixa/studio/fccxant.php on line 1038
[11-May-2026 09:25:03 America/Sao_Paulo] PHP Notice:  Undefined variable: CheqTotal in /var/www/html/caixa/studio/fccxant.php on line 1044
[11-May-2026 09:25:03 America/Sao_Paulo] PHP Notice:  Undefined variable: CheqPre in /var/www/html/caixa/studio/fccxant.php on line 1045
[11-May-2026 09:25:03 America/Sao_Paulo] PHP Notice:  Undefined variable: rsH2 in /var/www/html/caixa/studio/fccxant.php on line 1551
