[06-Jun-2026 12:19:30 America/Sao_Paulo] PHP Notice:  Undefined variable: Ref_Std in /var/www/html/caixa/studio/via1newest.php on line 195
[10-Jun-2026 07:58:25 America/Sao_Paulo] PHP Notice:  Undefined index: txtuser in /var/www/html/caixa/studio/fccxant.php on line 48
[10-Jun-2026 07:58:25 America/Sao_Paulo] PHP Notice:  Undefined index: txtcash in /var/www/html/caixa/studio/fccxant.php on line 76
[10-Jun-2026 07:58:25 America/Sao_Paulo] PHP Warning:  number_format() expects parameter 1 to be float, string given in /var/www/html/caixa/studio/fccxant.php on line 77
[10-Jun-2026 07:58:25 America/Sao_Paulo] PHP Notice:  Undefined index: dtabre in /var/www/html/caixa/studio/fccxant.php on line 79
[10-Jun-2026 07:58:25 America/Sao_Paulo] PHP Notice:  Trying to access array offset on value of type null in /var/www/html/caixa/studio/rodape.php on line 10
[10-Jun-2026 07:58:44 America/Sao_Paulo] PHP Notice:  Undefined index: txtuser in /var/www/html/caixa/studio/fccxant.php on line 49
[10-Jun-2026 07:58:44 America/Sao_Paulo] PHP Notice:  Undefined index: txtcash in /var/www/html/caixa/studio/fccxant.php on line 77
[10-Jun-2026 07:58:44 America/Sao_Paulo] PHP Warning:  number_format() expects parameter 1 to be float, string given in /var/www/html/caixa/studio/fccxant.php on line 78
[10-Jun-2026 07:58:44 America/Sao_Paulo] PHP Notice:  Undefined index: dtabre in /var/www/html/caixa/studio/fccxant.php on line 80
[10-Jun-2026 07:58:44 America/Sao_Paulo] PHP Notice:  Trying to access array offset on value of type null in /var/www/html/caixa/studio/rodape.php on line 10
[10-Jun-2026 08:27:09 America/Sao_Paulo] PHP Notice:  Undefined index: txtcod in /var/www/html/caixa/studio/fcxparcsem.php on line 60
[10-Jun-2026 08:27:09 America/Sao_Paulo] PHP Notice:  Undefined index: txtsen in /var/www/html/caixa/studio/fcxparcsem.php on line 61
[10-Jun-2026 08:27:09 America/Sao_Paulo] PHP Notice:  Undefined variable: ValorProd in /var/www/html/caixa/studio/fcxparcsem.php on line 174
[10-Jun-2026 08:27:09 America/Sao_Paulo] PHP Notice:  Undefined variable: ValorConc in /var/www/html/caixa/studio/fcxparcsem.php on line 192
[10-Jun-2026 08:27:09 America/Sao_Paulo] PHP Notice:  Undefined variable: ValorContEnt in /var/www/html/caixa/studio/fcxparcsem.php on line 210
[10-Jun-2026 08:27:09 America/Sao_Paulo] PHP Notice:  Undefined variable: ValorContParc in /var/www/html/caixa/studio/fcxparcsem.php on line 228
[10-Jun-2026 08:27:09 America/Sao_Paulo] PHP Notice:  Undefined variable: ValorPropEnt in /var/www/html/caixa/studio/fcxparcsem.php on line 246
[10-Jun-2026 08:27:09 America/Sao_Paulo] PHP Notice:  Undefined variable: VrPRecsF in /var/www/html/caixa/studio/fcxparcsem.php on line 264
[10-Jun-2026 08:27:09 America/Sao_Paulo] PHP Notice:  Undefined variable: VrBookRecF in /var/www/html/caixa/studio/fcxparcsem.php on line 282
[10-Jun-2026 08:27:09 America/Sao_Paulo] PHP Notice:  Undefined variable: PgtoTot in /var/www/html/caixa/studio/fcxparcsem.php on line 300
[10-Jun-2026 08:27:09 America/Sao_Paulo] PHP Notice:  Undefined variable: ValorEstorno in /var/www/html/caixa/studio/fcxparcsem.php on line 318
[10-Jun-2026 08:27:10 America/Sao_Paulo] PHP Notice:  Undefined variable: Dinheiro in /var/www/html/caixa/studio/fcxparcsem.php on line 332
[10-Jun-2026 08:27:10 America/Sao_Paulo] PHP Notice:  Undefined variable: PixQRCode in /var/www/html/caixa/studio/fcxparcsem.php on line 346
[10-Jun-2026 08:27:10 America/Sao_Paulo] PHP Notice:  Undefined variable: PixCNPJ in /var/www/html/caixa/studio/fcxparcsem.php on line 360
[10-Jun-2026 08:27:10 America/Sao_Paulo] PHP Notice:  Undefined variable: CardDeb in /var/www/html/caixa/studio/fcxparcsem.php on line 374
[10-Jun-2026 08:27:10 America/Sao_Paulo] PHP Notice:  Undefined variable: CardVista in /var/www/html/caixa/studio/fcxparcsem.php on line 388
[10-Jun-2026 08:27:10 America/Sao_Paulo] PHP Notice:  Undefined variable: CardParcLj in /var/www/html/caixa/studio/fcxparcsem.php on line 402
[10-Jun-2026 08:27:10 America/Sao_Paulo] PHP Notice:  Undefined variable: CardParcAdm in /var/www/html/caixa/studio/fcxparcsem.php on line 414
[10-Jun-2026 08:27:10 America/Sao_Paulo] PHP Notice:  Undefined variable: Recl in /var/www/html/caixa/studio/fcxparcsem.php on line 423
[10-Jun-2026 08:27:10 America/Sao_Paulo] PHP Notice:  Undefined variable: cashTot in /var/www/html/caixa/studio/fcxparcsem.php on line 428
[10-Jun-2026 08:27:10 America/Sao_Paulo] PHP Notice:  Undefined variable: cDebFinal in /var/www/html/caixa/studio/fcxparcsem.php on line 428
[10-Jun-2026 08:27:10 America/Sao_Paulo] PHP Notice:  Undefined variable: credTotV in /var/www/html/caixa/studio/fcxparcsem.php on line 428
[10-Jun-2026 08:27:10 America/Sao_Paulo] PHP Notice:  Undefined variable: credTotPLoja in /var/www/html/caixa/studio/fcxparcsem.php on line 428
[10-Jun-2026 08:27:10 America/Sao_Paulo] PHP Notice:  Undefined variable: credTotPAdm in /var/www/html/caixa/studio/fcxparcsem.php on line 428
[10-Jun-2026 08:27:10 America/Sao_Paulo] PHP Notice:  Undefined variable: pixQRCode in /var/www/html/caixa/studio/fcxparcsem.php on line 428
[10-Jun-2026 08:27:10 America/Sao_Paulo] PHP Notice:  Undefined variable: pixCNPJ in /var/www/html/caixa/studio/fcxparcsem.php on line 428
[10-Jun-2026 08:27:10 America/Sao_Paulo] PHP Notice:  Undefined variable: cDebFinal in /var/www/html/caixa/studio/fcxparcsem.php on line 429
[10-Jun-2026 08:27:10 America/Sao_Paulo] PHP Notice:  Undefined variable: credTotV in /var/www/html/caixa/studio/fcxparcsem.php on line 429
[10-Jun-2026 08:27:10 America/Sao_Paulo] PHP Notice:  Undefined variable: credTotPLoja in /var/www/html/caixa/studio/fcxparcsem.php on line 429
[10-Jun-2026 08:27:10 America/Sao_Paulo] PHP Notice:  Undefined variable: credTotPAdm in /var/www/html/caixa/studio/fcxparcsem.php on line 429
[10-Jun-2026 08:27:10 America/Sao_Paulo] PHP Notice:  Undefined variable: pixQRCode in /var/www/html/caixa/studio/fcxparcsem.php on line 429
[10-Jun-2026 08:27:10 America/Sao_Paulo] PHP Notice:  Undefined variable: pixCNPJ in /var/www/html/caixa/studio/fcxparcsem.php on line 429
[10-Jun-2026 08:27:10 America/Sao_Paulo] PHP Notice:  Undefined variable: cashTot in /var/www/html/caixa/studio/fcxparcsem.php on line 489
[10-Jun-2026 08:27:55 America/Sao_Paulo] PHP Notice:  Undefined index: txtcod in /var/www/html/caixa/studio/fcxparcsem.php on line 60
[10-Jun-2026 08:27:55 America/Sao_Paulo] PHP Notice:  Undefined index: txtsen in /var/www/html/caixa/studio/fcxparcsem.php on line 61
[10-Jun-2026 08:27:55 America/Sao_Paulo] PHP Notice:  Undefined variable: ValorProd in /var/www/html/caixa/studio/fcxparcsem.php on line 174
[10-Jun-2026 08:27:55 America/Sao_Paulo] PHP Notice:  Undefined variable: ValorConc in /var/www/html/caixa/studio/fcxparcsem.php on line 192
[10-Jun-2026 08:27:55 America/Sao_Paulo] PHP Notice:  Undefined variable: ValorContEnt in /var/www/html/caixa/studio/fcxparcsem.php on line 210
[10-Jun-2026 08:27:55 America/Sao_Paulo] PHP Notice:  Undefined variable: ValorContParc in /var/www/html/caixa/studio/fcxparcsem.php on line 228
[10-Jun-2026 08:27:55 America/Sao_Paulo] PHP Notice:  Undefined variable: ValorPropEnt in /var/www/html/caixa/studio/fcxparcsem.php on line 246
[10-Jun-2026 08:27:55 America/Sao_Paulo] PHP Notice:  Undefined variable: VrPRecsF in /var/www/html/caixa/studio/fcxparcsem.php on line 264
[10-Jun-2026 08:27:55 America/Sao_Paulo] PHP Notice:  Undefined variable: VrBookRecF in /var/www/html/caixa/studio/fcxparcsem.php on line 282
[10-Jun-2026 08:27:55 America/Sao_Paulo] PHP Notice:  Undefined variable: PgtoTot in /var/www/html/caixa/studio/fcxparcsem.php on line 300
[10-Jun-2026 08:27:55 America/Sao_Paulo] PHP Notice:  Undefined variable: ValorEstorno in /var/www/html/caixa/studio/fcxparcsem.php on line 318
[10-Jun-2026 08:27:56 America/Sao_Paulo] PHP Notice:  Undefined variable: Dinheiro in /var/www/html/caixa/studio/fcxparcsem.php on line 332
[10-Jun-2026 08:27:56 America/Sao_Paulo] PHP Notice:  Undefined variable: PixQRCode in /var/www/html/caixa/studio/fcxparcsem.php on line 346
[10-Jun-2026 08:27:56 America/Sao_Paulo] PHP Notice:  Undefined variable: PixCNPJ in /var/www/html/caixa/studio/fcxparcsem.php on line 360
[10-Jun-2026 08:27:56 America/Sao_Paulo] PHP Notice:  Undefined variable: CardDeb in /var/www/html/caixa/studio/fcxparcsem.php on line 374
[10-Jun-2026 08:27:56 America/Sao_Paulo] PHP Notice:  Undefined variable: CardVista in /var/www/html/caixa/studio/fcxparcsem.php on line 388
[10-Jun-2026 08:27:56 America/Sao_Paulo] PHP Notice:  Undefined variable: CardParcLj in /var/www/html/caixa/studio/fcxparcsem.php on line 402
[10-Jun-2026 08:27:56 America/Sao_Paulo] PHP Notice:  Undefined variable: CardParcAdm in /var/www/html/caixa/studio/fcxparcsem.php on line 414
[10-Jun-2026 08:27:56 America/Sao_Paulo] PHP Notice:  Undefined variable: Recl in /var/www/html/caixa/studio/fcxparcsem.php on line 423
[10-Jun-2026 08:27:56 America/Sao_Paulo] PHP Notice:  Undefined variable: cashTot in /var/www/html/caixa/studio/fcxparcsem.php on line 428
[10-Jun-2026 08:27:56 America/Sao_Paulo] PHP Notice:  Undefined variable: cDebFinal in /var/www/html/caixa/studio/fcxparcsem.php on line 428
[10-Jun-2026 08:27:56 America/Sao_Paulo] PHP Notice:  Undefined variable: credTotV in /var/www/html/caixa/studio/fcxparcsem.php on line 428
[10-Jun-2026 08:27:56 America/Sao_Paulo] PHP Notice:  Undefined variable: credTotPLoja in /var/www/html/caixa/studio/fcxparcsem.php on line 428
[10-Jun-2026 08:27:56 America/Sao_Paulo] PHP Notice:  Undefined variable: credTotPAdm in /var/www/html/caixa/studio/fcxparcsem.php on line 428
[10-Jun-2026 08:27:56 America/Sao_Paulo] PHP Notice:  Undefined variable: pixQRCode in /var/www/html/caixa/studio/fcxparcsem.php on line 428
[10-Jun-2026 08:27:56 America/Sao_Paulo] PHP Notice:  Undefined variable: pixCNPJ in /var/www/html/caixa/studio/fcxparcsem.php on line 428
[10-Jun-2026 08:27:56 America/Sao_Paulo] PHP Notice:  Undefined variable: cDebFinal in /var/www/html/caixa/studio/fcxparcsem.php on line 429
[10-Jun-2026 08:27:56 America/Sao_Paulo] PHP Notice:  Undefined variable: credTotV in /var/www/html/caixa/studio/fcxparcsem.php on line 429
[10-Jun-2026 08:27:56 America/Sao_Paulo] PHP Notice:  Undefined variable: credTotPLoja in /var/www/html/caixa/studio/fcxparcsem.php on line 429
[10-Jun-2026 08:27:56 America/Sao_Paulo] PHP Notice:  Undefined variable: credTotPAdm in /var/www/html/caixa/studio/fcxparcsem.php on line 429
[10-Jun-2026 08:27:56 America/Sao_Paulo] PHP Notice:  Undefined variable: pixQRCode in /var/www/html/caixa/studio/fcxparcsem.php on line 429
[10-Jun-2026 08:27:56 America/Sao_Paulo] PHP Notice:  Undefined variable: pixCNPJ in /var/www/html/caixa/studio/fcxparcsem.php on line 429
[10-Jun-2026 08:27:56 America/Sao_Paulo] PHP Notice:  Undefined variable: cashTot in /var/www/html/caixa/studio/fcxparcsem.php on line 489
